[   0.0000] inux version 4.15.0-39-generic (buildd@lgw01-amd64-054) (gcc version 7.3.0 (Ubuntu 7.3.0-16ubuntu3)) #42-Ubuntu SMP Tue Oct 23 15:48:01 UTC 2018 (Ubuntu4.150-39.4-generic 4.15.18)
[    0.000000] Command line: BOOTIMAGEboot/vlinuz-4.15.0-39-generic root=UUID=30919cd2-fab1-46ef-a9dc-1096a0c108c7 ro console=tty1 console=ttyS0
[[    0.000000] KERNEL supported cpus:
[    0.000000]   Intel GenuineIntel
[    0.000000]   MD AuthenticAMD
[    0.00000  Cetaur CentaurHauls
[  0.000000] x86/fpu: Supportg XSAVE feature 0x001: 'x87 floating point registers'
[    00.000000] x86/fpu: Supporting XSAVE feature 0x002: 'SSE registers'
[    0.000000] x86/fpu: Supporting XSAVE feature 0x004: 'AVX registers'
[    0.000000] x86/fpu: xstate_offset[2]:  576, xstate_sizes[2]:  256
[    0.000000] x86/fpu: Enabled xstate features 0x7, context size is 832 bytes, using 'standard' format.
[    0.000000] e820: BIOS-provided physical RAM map:
[    0.000000] BIOS-e820: [mem 0x0000000000000000-0x000000000009fbff] usable
[    0.000000] BIOS-e820: [mem 0x000000000009fc00-0x000000000009ffff] reserved
[    0.000000] BIOS-e820: [mem 0x00000000000f0000-0x00000000000fffff] reserved
[    0.000000] BIOS-e820: [mem 0x0000000000100000-0x000000007ffeffff] usable
[    0.000000] BIOS-e820: [mem 0x000000007fff0000-0x000000007fffffff] ACPI data
[    0.000000] BIOS-e820: [mem 0x00000000fec00000-0x00000000fec00fff] reserved
[    0.000000] BIOS-e820: [mem 0x00000000fee00000-0x00000000fee00fff] resrved
[    0.00000] BS-e820: [mm x00000000fffc0000-0x00000000ffffffff] reserved
[    0.000000] NX (Execute Disable) protection: active
[   0.00000]SMBIS 2.5 present.
[    0.000000] DMI: innotek GmbH VirtualBox/VirtualBox, BIOS VirtualBox 12/01/2006
[    0.000000] Hypervisor detected:KVM
   0.00000] e820: astpfn = 0x7fff0 max_arch_pfn = 0x400000000
[    0.000000] MTRR: Disabled
[    0.000000] x86/PAT: MTRRs disabled, skipping PAT initialization too.
[    0.000000] CPU MTRRs all blank - virtualized system.
[    0.000000] x86/PAT: Configuration [0-7]: WB  WT  UC- UC  WB  WT  UC- UC  
[    0.000000] found SMP MP-table at [mem 0x0009fff0-0x0009ffff] mapped at [        (ptrval)]
[    0.000000] Scanning 1 areas for low memory corruption
[    0.000000] RAMDISK: [mem 0x35231000-0x3690ffff]
[    0.000000] ACPI: Early table checksum verification disabled
[    0.000000] ACPI: RSDP 0x00000000000E0000 000024 (v02 VBOX  )
[    0.000000] ACPI: XSDT 0x000000007FFF0030 00003C (v01 VBOX   VBOXXSDT 00000001 ASL  00000061)
[    0.000000] ACPI: FACP 0x000000007FFF00F0 0000F4 (v04 VBOX   VBOXFACP 00000001 ASL  00000061)
[    0.000000] ACPI: DSDT 0x000000007FFF0470 0021FF (v02 VBOX   VBOXBIOS 00000002 INTL 20100528)
[    0.000000] ACPI: FACS 0x000000007FFF0200 000040
[    0.000000] ACPI: FACS 0x000000007FFF0200 000040
[    0.000000] ACPI: APIC 0x000000007FFF0240 00005C (v02 VBOX   VBOXAPIC 00000001 ASL  00000061)
[    0.000000] ACPI: SSDT 0x000000007FFF02A0 0001C (v01 VBOX   VBOXCPUT 00000002 INTL 20100528)
[  0.000000] No NUMA configuration found
[    0.000000] Faking a node at [mem 0x0000000000000000-0x000000007ffeffff]
[    0.000000] NODE_DATA(0 allated [mem 0x7ffc5000-0x7ffeffff]
[    0.00000] m-clck cu , msr 0:7ff44001, prary cpu clock
[    0.000000] kvm-clock: Using msrs 4b564d01 and 4b564d00
[    0.000000] kvm-clock: using sched offset of 3459907750 cycles
[   0.0000] clocksource: kvm-clock: mask: 0xffffffffffffffff max_cycles: 0x1cd42e4dffb, max_idle_ns: 881590591483 ns
[    0.000000] Zone ranges:
[    0.000000]   DMA      [mem 0x0000000000001000-0x0000000000ffffff]
[    0.000000]   DMA32    [mem 0x0000000001000000-0x000000007ffeffff]
[    0.000000]   Normal   empty
[    0.000000]   Device   empty
[    0.000000] Movable zone start for each node
[    0.000000] Early memory node ranges
[    0.0000000]   node   0: [mem 0x0000000000001000-0x000000000009efff]
[    0.000000]   node   0: [mem 0x0000000000100000-0x000000007ffeffff]
[    0.000000] Initmem setup node 0 [mem 0x0000000000001000-0x000000007ffeffff]
[    0.000000] Reserved but unavailable: 98 pages
[  0.000000] ACPI: PM-Timer IO Port: 0x4008
[    0.000000] IOAPIC[0]: apic__id 2, version 32, address 0xfec00000, GSI 0-23
[    0.000000] ACPI: INT_SRC_OVR (bus 0 bus_irq 0 global_irq 2 dfl dfl)
[    0.000000] ACPI: INT_SRC_OVR (bus 0 bus_irq 9 global_irq 9 low level)
[    0.000000] Using ACPI (MADT) for SMP configuration information
[  0.000000] smpboot: Allowing 2 CPUs, 0 hotplug CPUs
[    0.000000] PM: Registered nosave memory: [mem 0x00000000-0x00000fff]
[    0.000000 PM Rgistered nosave memory: [mem 0x0009f000-0x0009ffff]
[    0.000000] PM: Regiered savee memory[mem 0x000a0000-0x000effff]
   0.00000] PM: Registered nosave memory: [mem 0x000f0000-0x000fffff]
[    0.0000] e820: [mem 0x80000000-0xfebfff] vailab for PCI devices
[    0.000000] Booting paravirtualized kernel on KVM
[    0.000000] clockurce refined-jiffies: mask: 0xffffffff max_cycles: 0xffffffff, max_idle_ns: 7645519600211568 ns
[    0.000000] random: get_random_bytes called from start_kernel+0x99/0x4fd with crng_init=0
[    0.000000] setup_percpu: NR_CPUS:8192 nr_cpumask_bits:2 nr_cpu_ids:2 nr_node_ids:1
[    0.000000] percpu: Embedded 46 pages/cpu @        (ptrval) s151552 r8192 d28672 u1048576
[    0.000000] PV qspinlock hash table entries: 256 (order: 0, 4096 bytes)
[    0.000000] Built 1 zonelists, mobility grouping on.  Total pages: 515961
[    0.000000] Policy zone: DMA32
[    0.000000] Kernel command line: BOOT_IMAGE=/boot/vmlinuz-4.150-39-generic root=UUID=3019d2-fab1-46ef-a9dc-1096a0c108c7 ro console=tty1 console=ttyS0
[  0.00000] Memory: 2011356K/209666K available (123000K kernel code, 2472K rwdata, 4248K rodata, 2408K init, 2416K bss, 85340K reserved, 0K cma-reserved)
[    0.000000] SLUB: HWalign=64, Order=0-3, MinObjects=0, CPUs=2, Nodes=1
[    0.000000] Kernel/User page tables isolation: enabled
[    0.000000] ftrace: allocating 39178 entries in 154 pages
[    0.004000] Hierarchical RCU implementation.
[    0.004000] 	RCU restricting CPUs from NR_CPUS=8192 to nr_cpu_ids=2.
[    0.004000] 	Tasks RCU enabled.
[    0.004000] RCU: Adjusting geometry for rcu_fanout_leaf=16, nr_cpu_ids=2
[    0.004000] NR_IRQS: 524544, nr_irqs: 440, preallocated irqs: 16
[    0.00400] Cnsole: colour VGA+ 80x25
[    0.004000] console [tty1] enabled
[  0.004000] console [ttyS0] enabled
[    0.004000] ACPI: Core revision 20170831
[   0.004000ACPI: 2 ACPI AML tables sucessflly acquired and laded
[   0.004000] APIC: Switch to symmetric I/O mode setup
[    0.004318] x2apic enabled
[    0.008006] Switched APIC routing to physical x2apic.
[    0.013350] ..TIMER: vector=0x30 apic1=0 pin1=2 apic2=-1 pin2=-1
[    0.016005] tsc: Detected 2904.002 MHz processor
[    0.016925] Calibrating delay loop (skipped) preset value.. 5808.00 BogoMIPS (lpj=11616008)
[    0.020005] pid_max: default: 32768 minimum: 301
[    0.024037] Security Framework initialized
[    0.028006] Yama: becoming mindful.
[    0.032026] AppArmor: AppArmor initialized
[    0.036849] Dentry cache hash table entries: 262144 (order: 9, 2097152 bytes)
[    0.040992] Inode-cache hash table entries: 131072 (order: 8, 1048576 bytes)
[    0.044014] Mount-cache hash table entries: 4096 (order: 3, 32768 bytes)
[    0.045485] Mountpoint-cache hash table entries: 4096 (order: 3, 32768 bytes)
[    0.048213] mce: CPU supports 0 MCE banks
[    0.052020] Last level iTLB entries: 4KB 64, 2MB 8, 4MB 8
[    0.056005] Last level dTLB entries: 4KB 64, 2MB 0, 4MB 0, 1GB 4
[    0.057205] Spectre V2 : Mitigation: Full generic retpoline
[    0.060002] Spectre V2 : Spectre v2 / SpectreRSB mitigation: Filling RSB on context switch
[    0.064005] Speculative Store Bypass: Vulnerable
[    0.068124] Freeing SMP alternatives memory: 36K
[    0.080000] smpboot: CPU0: Intel(R) Core(TM) i7-7820HQ CPU @ 2.90GHz (family: 0x6, model: 0x9e, stepping: 0x9)
[    0.080066] Performance Events: unsupported p6 CPU model 158 no PMU driver, software events only.
[    0.081756] Hierarchical SRCU implementation.
[    0.084523] NMI watchdog: Perf event create on CPU 0 failed with -2
[    0.085679] NMI watchdog: Perf NMI watchdog permanently disabled
[    0.086817] smp: Bringing up secondary CPUs ...
[    0.088086] x86: Booting SMP configuration:
[    0.092011] .... node  #0, CPUs:      #1
[    0.004000] kvm-clock: cpu 1, msr 0:7ff44041, secondary cpu clock
[    0.004000] mce: CPU supports 0 MCE banks
[    0.140021] smp: Brought up 1 node, 2 CPUs
[    0.141098] smpboot: Max logical packages: 1
[    0.144007] smpboot: Total of 2 processors activated (11616.00 BogoMIPS)
[    0.148127] devtmpfs: initialized
[    0.152062] x86/mm: Memory block size: 128MB
[    0.156278] evm: security.selinux
[    0.157053] evm: security.SMACK64
[    0.157754] evm: security.SMACK64EXEC
[    0.158574] evm: security.SMACK64TRANSMUTE
[    0.160008] evm: security.SMACK64MMAP
[    0.164024] evm: security.apparmor
[    0.168006] evm: security.ima
[    0.172004] evm: security.capability
[    0.176168] clocksource: jiffies: mask: 0xffffffff max_cycles: 0xffffffff, max_idle_ns: 7645041785100000 ns
[    0.180014] futex hash table entries: 512 (order: 3, 32768 bytes)
[    0.184089] pinctrl core: initialized pinctrl subsystem
[    0.188124] RTC time: 18:24:41, date: 11/29/18
[    0.189252] NET: Registered protocol family 16
[    0.190358] audit: initializing netlink subsys (disabled)
[    0.192010] audit: type=2000 audit(1543515882.760:1): state=initialized audit_enabled=0 res=1
[    0.193691] cpuidle: using governor ladder
[    0.193691] cpuidle: using governor menu
[    0.193910] ACPI: bus type PCI registered
[    0.196003] acpiphp: ACPI Hot Plug PCI Controller Driver version: 0.5
[    0.197358] PCI: Using configuration type 1 for base access
[    0.200714] HugeTLB registered 2.00 MiB page size, pre-allocated 0 pages
[    0.204122] ACPI: Added _OSI(Module Device)
[    0.205039] ACPI: Added _OSI(Processor Device)
[    0.208010] ACPI: Added _OSI(3.0 _SCP Extensions)
[    0.212005] ACPI: Added _OSI(Processor Aggregator Device)
[    0.216003] ACPI: Added _OSI(Linux-Dell-Video)
[    0.216926] ACPI: Added _OSI(Linux-Lenovo-NV-HDMI-Audio)
[    0.218178] ACPI: Executed 1 blocks of module-level executable AML code
[    0.223714] ACPI: Interpreter enabled
[    0.224012] ACPI: (supports S0 S5)
[    0.226653] ACPI: Using IOAPIC for interrupt routing
[    0.228304] PCI: Using host bridge windows from ACPI; if necessary, use "pci=nocrs" and report a bug
[    0.232184] ACPI: Enabled 2 GPEs in block 00 to 07
[    0.241259] ACPI: PCI Root Bridge [PCI0] (domain 0000 [bus 00-ff])
[    0.244013] acpi PNP0A03:00: _OSC: OS supports [ASPM ClockPM Segments MSI]
[    0.248043] acpi PNP0A03:00: _OSC: not requesting OS control; OS requires [ExtendedConfig ASPM ClockPM MSI]
[    0.252067] acpi PNP0A03:00: fail to add MMCONFIG information, can't access extended PCI configuration space under this bridge.
[    0.256360] PCI host bridge to bus 0000:00
[    0.257167] pci_bus 0000:00: root bus resource [io  0x0000-0x0cf7 window]
[    0.260004] pci_bus 0000:00: root bus resource [io  0x0d00-0xffff window]
[    0.264006] pci_bus 0000:00: root bus resource [mem 0x000a0000-0x000bffff window]
[    0.268007] pci_bus 0000:00: root bus resource [mem 0x80000000-0xfdffffff window]
[    0.272007] pci_bus 0000:00: root bus resource [bus 00-ff]
[    0.281261] pci 0000:00:01.1: legacy IDE quirk: reg 0x10: [io  0x01f0-0x01f7]
[    0.284004] pci 0000:00:01.1: legacy IDE quirk: reg 0x14: [io  0x03f6]
[    0.288008] pci 0000:00:01.1: legacy IDE quirk: reg 0x18: [io  0x0170-0x0177]
[    0.289390] pci 0000:00:01.1: legacy IDE quirk: reg 0x1c: [io  0x0376]
[    0.317351] pci 0000:00:07.0: quirk: [io  0x4000-0x403f] claimed by PIIX4 ACPI
[    0.320030] pci 0000:00:07.0: quirk: [io  0x4100-0x410f] claimed by PIIX4 SMB
[    0.331576] ACPI: PCI Interrupt Link [LNKA] (IRQs 5 9 10 *11)
[    0.336199] ACPI: PCI Interrupt Link [LNKB] (IRQs 5 9 *10 11)
[    0.340255] ACPI: PCI Interrupt Link [LNKC] (IRQs 5 *9 10 11)
[    0.344177] ACPI: PCI Interrupt Link [LNKD] (IRQs 5 9 10 *11)
[    0.352305] SCSI subsystem initialized
[    0.353329] pci 0000:00:02.0: vgaarb: setting as boot VGA device
[    0.356000] pci 0000:00:02.0: vgaarb: VGA device added: decodes=io+mem,owns=io+mem,locks=none
[    0.356007] pci 0000:00:02.0: vgaarb: bridge control possible
[    0.360005] vgaarb: loaded
[    0.364034] ACPI: bus type USB registered
[    0.368044] usbcore: registered new interface driver usbfs
[    0.369348] usbcore: registered new interface driver hub
[    0.372006] usbcore: registered new device driver usb
[    0.373075] EDAC MC: Ver: 3.0.0
[    0.373075] PCI: Using ACPI for IRQ routing
[    0.376276] NetLabel: Initializing
[    0.380005] NetLabel:  domain hash size = 128
[    0.380818] NetLabel:  protocols = UNLABELED CIPSOv4 CALIPSO
[    0.384022] NetLabel:  unlabeled traffic allowed by default
[    0.385061] clocksource: Switched to clocksource kvm-clock
[    0961]FS: Disk quotas dquot_6.6.0
[   567602] VFS: Dquot-cache hash table entries: 512 (order 0, 4096 bytes)
[    0.649653] AppArmor: AppArmor Filesystem Enabled
[    0.650587] pnp: PnP ACPI init
[    0.652369] pnp: PnP ACPI: found 3 devices

[    6619clckure: cppm: mask: 0xffffff max_cycles: 0xffffff, max_idle_ns: 2085701024 ns
[    1.052333] NET: Registered protocol family 2
[    1.089241TCP established hash table entries: 16384 (order: 5, 131072 bytes)
[   1530TCbind hash table entries: 16384 (order: 6, 262144 bytes)
[    1.402192]CPHas tles configured (established 16384in 1634)
[  17105UDha table entries: 1024 (order:, 27 bes
[[    2.283 UDPitha table entries: 1024 (order: 3, 32768 bytes)
[    2.537886] NET: Registered protocol family 1
[    2.538782] pci 0000:00:00.0: Limiting direct PCI/PCI transfers
[    2.539880] pci 0000:00:01.0: Activating ISA DMA hang workarounds
[    2.541089] pci 0000:00:02.0: Video device with shadowed ROM at [mem 0x000c0000-0x000dffff]
[    2.542716] Unpckg nitrfs.

[    3.097425] Freeing initrd memory: 23420K
[    3.122179] platform rtc_cmos: registered platform RTC device (no PNP device found)
[    3.130142] Scanning for low memory corruption every 60 seconds
[    3.195851] Initialise system trusted keyrings
[    3.258147] Key type blacklist registered
[    3.262334] workingset: timestamp_bits=36 max_order=19 bucket_order=0
[    3.280199] zbud: loaded
[    3.281224] squashfs: version 4.0 (2009/01/31) Phillip Lougher
[    3.282610] fuse init (API version 7.26)
[    3.292247] Key type asymmetric registered
[    3.303882] Asymmetric key parser 'x509' registered
[    3.321151] Block layer SCSI generic (bsg) driver version 0.4 loaded (major 246)
[    3.396108] io scheduler noop registered
[    3.405593] io scheduler deadline registered
[    3.415535] io scheduler cfq registered (default)
[    3.424018] ACPI: AC Adapter [AC] (on-line)
[    3.425277] input: Power Button as /devices/LNXSYSTM:00/LNXPWRBN:00/input/input0
[    3.427368] ACPI: Power Button [PWRF]
[    3.428565] input: Sleep Button as /devices/LNXSYSTM:00/LNXSLPBN:00/input/input1
[    3.430353] ACPI: Sleep Button [SLPF]
[    3.433316] virtio-pci 0000:00:03.0: virtio_pci: leaving for legacy driver
[    3343]CP: Battery Slot [BAT0] (battery prest)
[    3.789616] Serial: 8250/16550 driver, 32 ports, IRQ sharing enabled
[    3.81318 0002 ttyS0 at I/O 0x3f8 (irq = 4, base_baud = 115200) s  16550A

[    3.994941] Linux agpgart interface v0.103
[    4.059328] loop: module loaded
[    4.089243] scsi host0: ata_piix
[    4.103591] scsi host1: ata_piix
[    4.110438] ata1: PATA max UDMA/33 cmd 0x1f0 ctl 0x3f6 bmdma 0xd000 irq 14
[    4.164360] ata2: PATA max UDMA/33 cmd 0x170 ctl 0x376 bmdma 0xd008 irq 15
[    4.182783] tsc: Refined TSC clocksource calibration: 2902.316 MHz
[    4.183521] libphy: Fixed MDIO Bus: probed
[    4.183522] tun: Universal TUN/TAP device driver, 1.6
[    4.183551] PPP generic driver version 2.4.2
[    4.183580] ehci_hcd: USB 2.0 'Enhanced' Host Controller (EHCI) Driver
[    4.183585] ehci-pci: EHCI PCI platform driver
[    4.183592] ehci-platform: EHCI generic platform driver
[    4.183597] ohci_hcd: USB 1.1 'Open' Host Controller (OHCI) Driver
[    4.183598] ohci-pci: OHCI PCI platform driver
[    4.183603] ohci-platform: OHCI generic platform driver
[    4.183608] uhci_hcd: USB Universal Host Controller Interface driver
[    4.183682] i8042: PNP: PS/2 Controller [PNP0303:PS2K,PNP0f03:PS2M] at 0x60,0x64 irq 1,12
[    4.187427] serio: i8042 KBD port at 0x60,0x64 irq 1
[    4.187435] serio: i8042 AUX port at 0x60,0x64 irq 12
[    4.187647] mousedev: PS/2 mouse device common for all mice
[    4.187954] input: AT Translated Set 2 keyboard as /devices/platform/i8042/serio0/input/input2
[    4.188272] rtc_cmos rtc_cmos: rtc core: registered rtc_cmos as rtc0
[    4.188342] rtc_cmos rtc_cmos: alarms up to one day, 114 bytes nvram
[    4.188348] i2c /dev entries driver
[    4.188353] pcie_mp2_amd: AMD(R) PCI-E MP2 Communication Driver Version: 1.0
[    4.188414] device-mapper: uevent: version 1.0.3
[    4.188460] device-mapper: ioctl: 4.37.0-ioctl (2017-09-20) initialised: dm-devel@redhat.com
[    4.344501] ata1.00: ATAPI: VBOX CD-ROM, 1.0, max UDMA/133
[    4.344870] ata1.00: configured for UDMA/33
[    4.441419] clocksource: tsc: mask: 0xffffffffffffffff max_cycles: 0x29d5cf062b4, max_idle_ns: 440795248438 ns
[    4.447343] scsi 0:0:0:0: CD-ROM            VBOX     CD-ROM           1.0  PQ: 0 ANSI: 5
[    4.479248] ledtrig-cpu: registered to indicate activity on CPUs
[    4.525584] NET: Registered protocol family 10
[    4.606976] Segment Routing with IPv6
[    4.674220] NET: Registered protocol family 17
[    4.728674] Key type dns_resolver registered
[    4.769275] RAS: Correctable Errors collector initialized.
[    4.807798] sched_clock: Marking stable (4807753633, 0)->(9657162494, -4849408861)
[    4.816630] sr 0:0:0:0: [sr0] scsi3-mmc drive: 32x/32x xa/form2 tray
[    4.820295] cdrom: Uniform CD-ROM driver Revision: 3.20
[    4.839029] sr 0:0:0:0: Attached scsi generic sg0 type 5
[    4.850398] registered taskstats version 1
[    4.908561] Loading compiled-in X.509 certificates
[    4.931128] Loaded X.509 cert 'Build time autogenerated kernel key: 28c680bedc8638650c29d29ff1fd33ae66a2014d'
[    5.008811] zswap: loaded using pool lzo/zbud
[    5.051551] Key type big_key registered
[    5.092479] Key type trusted registered
[    5.107423] Key type encrypted registered
[    5.122222] AppArmor: AppArmor sha1 policy hashing enabled
[    5.164865] ima: No TPM chip found, activating TPM-bypass! (rc=-19)
[    5.177541] ima: Allocated hash algorithm: sha1
[   .205187] evm: HMAC atts:x1[   5.402745]   Magic number: 10:495:444
[    5.526132] rtc_cmos rtc_cmos: setting system clock to 2018-11-29 18:24:47 UTC (1543515887)
[    5.597027] BIOS EDD facility v0.16 2004-Jun-25, 0 devices found
[    5.630207] EDD information not available.
[    5.639277] Freeing unused kernel memory: 2408K
[    5.704919] Write protecting the kernel read-only data: 20480k
[    5.709870] Freeing unused kernel memory: 2008K
[    5.714663] Freeing unused kernel memory: 1896K
[    5.730546] x86/mm: Checked W+X mappings: passed, no W+X pages found.
[    5.741429] x86/mm: Checking user space page tables
[    5.767128] x86/mm: Checked W+X mappings: passed, no W+X pages found.
Loading, please wait...
starting version 237
[    5.850376] Fusion MPT base driver 3.04.20
[    5.901732] Copyright (c) 1999-2008 LSI Corporation
[    5.907561] Fusion MPT SPI Host driver 3.04.20
[    5.927002] mptbase: ioc0: Initiating bringup
[    5.949073] AVX2 version of gcm_enc/dec engaged.
[    5.965025] AES CTR mode by8 optimization enabled
[    5.974606] virtio_net virtio0 enp0s3: renamed from eth0
[    6.112358] ioc0: LSI53C1030 A0: Capabilities={Initiator}
[    6.114732] input: ImExPS/2 Generic Explorer Mouse as /devices/platform/i8042/serio1/input/input4
[    6.675073] scsi host2: ioc0: LSI53C1030 A0, FwRev=00000000h, Ports=1, MaxQ=256, IRQ=20
[    7.615929] scsi 2:0:0:0: Direct-Access     VBOX     HARDDISK         1.0  PQ: 0 ANSI: 5
[    7.760153] scsi target2:0:0: Beginning Domain Validation
[    7.769970] scsi target2:0:0: Domain Validation skipping write tests
[    7.864469] scsi target2:0:0: Ending Domain Validation
[    7.972584] scsi target2:0:0: asynchronous
[    7.982466] random: fast init done
[    8.020592] scsi 2:0:1:0: Direct-Access     VBOX     HARDDISK         1.0  PQ: 0 ANSI: 5
[    8.056525] scsi target2:0:1: Beginning Domain Validation
[    8.128594] scsi target2:0:1: Domain Validation skipping write tests
[    8.129937] scsi target2:0:1: Ending Domain Validation
[    8.130863] scsi target2:0:1: asynchronous
[    8.136360] random: systemd-udevd: uninitialized urandom read (16 bytes read)
[    8.136541] sd 2:0:0:0: Attached scsi generic sg1 type 0
[    8.136673] sd 2:0:0:0: [sda] 20971520 512-byte logical blocks: (10.7 GB/10.0 GiB)
[    8.136754] sd 2:0:0:0: [sda] Write Protect is off
[    8.136968] sd 2:0:0:0: [sda] Incomplete mode parameter data
[    8.136969] sd 2:0:0:0: [sda] Assuming drive cache: write through
[    8.137277] sd 2:0:1:0: [sdb] 20480 512-byte logical blocks: (10.5 MB/10.0 MiB)
[    8.137324] sd 2:0:1:0: [sdb] Write Protect is off
[    8.137412] sd 2:0:1:0: [sdb] Incomplete mode parameter data
[    8.137413] sd 2:0:1:0: [sdb] Assuming drive cache: write through
[    8.137749] sd 2:0:1:0: Attached scsi generic sg2 type 0
[    8.137901]  sda: sda1
[    8.138406] sd 2:0:0:0: [sda] Attached SCSI disk
[    8.139200] sd 2:0:1:0: [sdb] Attached SCSI disk
[    8.442319] random: systemd-udevd: uninitialized urandom read (16 bytes read)
[    8.477675] random: systemd-udevd: uninitialized urandom read (16 bytes read)
Begin: Loading essential drivers ... [   10.136182] raid6: sse2x1   gen() 10970 MB/s
[   10.216450] raid6: sse2x1   xor()  8238 MB/s
[   10.332117] raid6: sse2x2   gen() 13692 MB/s
[   10.388290] raid6: sse2x2   xor()  8778 MB/s
[   10.472018] raid6: sse2x4   gen() 14795 MB/s
[   10.552805] raid6: sse2x4   xor()  9684 MB/s
[   10.652015] raid6: avx2x1   gen() 21654 MB/s
[   10.716500] raid6: avx2x1   xor() 13078 MB/s
[   10.784294] raid6: avx2x2   gen() 20731 MB/s
[   10.836110] raid6: avx2x2   xor() 15861 MB/s
[   10.917426] raid6: avx2x4   gen() 31250 MB/s
[   11.000714] raid6: avx2x4   xor() 17523 MB/s
[   11.029874] raid6: using algorithm avx2x4 gen() 31250 MB/s
[   11.077682] raid6: .... xor() 17523 MB/s, rmw enabled
[   11.104978] raid6: using avx2x2 recovery algorithm
[   11.132893] xor: automatically using best checksumming function   avx       
[   11.158455] async_tx: api initialized (async)
done.
Begin: Running /scripts/init-premount ... done[   11.253422] Btrfs loaded, crc32c=crc32c-intel
.
Begin: Mounting root file system ... Begin: Running /scripts/local-top ... done.
Begin: Running /scripts/local-premount ... Scanning for Btrfs filesystems
done.
Warning: fsck no[   11.408307] EXT4-fs (sda1): mounted filesystem with ordered data mode. Opts: (null)
t present, so skipping root file system
done.
Begin: Running /scripts/local-bottom ... done.
Begin: Running /scripts/init-bottom ... done.
[   11.586433] ip_tables: (C) 2000-2006 Netfilter Core Team
[   11.605218] systemd[1]: systemd 237 running in system mode. (+PAM +AUDIT +SELINUX +IMA +APPARMOR +SMACK +SYSVINIT +UTMP +LIBCRYPTSETUP +GCRYPT +GNUTLS +ACL +XZ +LZ4 +SECCOMP +BLKID +ELFUTILS +KMOD -IDN2 +IDN -PCRE2 default-hierarchy=hybrid)
[   11.609252] systemd[1]: Detected virtualization oracle.
[   11.610716] systemd[1]: Detected architecture x86-64.

Welcome to [1mUbuntu 18.04.1 LTS[0m!

[   11.627064] systemd[1]: Set hostname to <ubuntu-bionic>.
[   11.979941] systemd[1]: Reached target System Time Synchronized.
[[0;32m  OK  [0m] Reached target System Time Synchronized.
[   12.011674] systemd[1]: Reached target Swap.
[[0;32m  OK  [0m] Reached target Swap.
[   12.014884] systemd[1]: Created slice User and Session Slice.
[[0;32m  OK  [0m] Created slice User and Session Slice.
[   12.056690] systemd[1]: Started Forward Password Requests to Wall Directory Watch.
[[0;32m  OK  [0m] Started Forward Password Requests to Wall Directory Watch.
[   12.240490] systemd[1]: Created slice System Slice.
[[0;32m  OK  [0m] Created slice System Slice.
[   12.276678] systemd[1]: Listening on Network Service Netlink Socket.
[[0;32m  OK  [0m] Listening on Network Service Netlink Socket.
[[0;32m  OK  [0m] Reached target Slices.
[[0;32m  OK  [0m] Listening on udev Kernel Socket.
[[0;32m  OK  [0m] Listening on LVM2 metadata daemon socket.
[[0;32m  OK  [0m] Listening on /dev/initctl Compatibility Named Pipe.
[[0;32m  OK  [0m] Listening on LVM2 poll daemon socket.
[[0;32m  OK  [0m] Listening on Syslog Socket.
[[0;32m  OK  [0m] Listening on Journal Socket.
         Mounting Kernel Debug File System...
         Starting Remount Root and Kernel File Systems...
         Mounting Huge Pages File System...
[[0;32m  OK  [0m] Listening on Device-mapper event daemon FIFOs.
         Starting Monitoring of LVM2 mirrors…ng dmeventd or progress polling...
[[0;32m  OK  [0m] Reached target User and Group Name Lookups.
         Starting Uncomplicated firewall...
[[0;32m  OK  [0m] Created slice system-serial\x2dgetty.slice.
         Mounting POSIX Message Queue File System...
[[0;32m  OK  [0m] Listening on udev Control Soc[   12.652839] EXT4-fs (sda1): re-mounted. Opts: (null)
ket.
[[0;32m  OK  [0m] Set up automount Arbitrary Executab…rmats File System Automount Point.
[[0;32m  OK  [0m] Listening on Journal Audit Socket.
         Starting Set the console keyboard layout...
         Starting udev Coldplug all Devices...
         Starting Load Kernel Modules...
[   12.738527] lp: driver loaded but no devices found
[[0;32m  OK  [0m] Listening on Journal Socket ([   12.767352] ppdev: user-space parallel port driver
/dev/log).
         [   12.882415] Loading iSCSI transport class v2.0-870.
Starting Journal Service...
[   12.937208] iscsi: registered transport (tcp)
         Starting Create list of required st…ce nodes for the current kernel...
[   13.928374] iscsi: registered transport (iser)
[   13.945049] random: crng init done
[   13.958699] random: 7 urandom warning(s) missed due to ratelimiting
[[0;32m  OK  [0m] Started Journal Service.
[[0;32m  OK  [0m] Mounted Kernel Debug File System.
[[0;32m  OK  [0m] Started Remount Root and Kernel File Systems.
[[0;32m  OK  [0m] Mounted Huge Pages File System.
[[0;32m  OK  [0m] Started Uncomplicated firewall.
[[0;32m  OK  [0m] Mounted POSIX Message Queue File System.
[[0;32m  OK  [0m] Started Set the console keyboard layout.
[[0;32m  OK  [0m] Started Load Kernel Modules.
[[0;32m  OK  [0m] Started Create list of required sta…vice nodes for the current kernel.
[[0;32m  OK  [0m] Started udev Coldplug all Devices.
[[0;32m  OK  [0m] Started LVM2 metadata daemon.
         Starting Create Static Device Nodes in /dev...
         Starting Apply Kernel Variables...
         Mounting Kernel Configuration File System...
         Mounting FUSE Control File System...
         Starting Load/Save Random Seed...
         Starting Initial cloud-init job (pre-networking)...
         Starting Flush Journal to Persistent Storage...
[[0;32m  OK  [0m] Started Monitoring of LVM2 mirrors,…sing dmeventd or progress polling.
[[0;32m  OK  [0m] Started Create Static Device Nodes in /dev.
[[0;32m  OK  [0m] Started Apply Kernel Variables.
[[0;32m  OK  [0m] Mounted Kernel Configuration File System.
[[0;32m  OK  [0m] Mounted FUSE Control File System.
[[0;32m  OK  [0m] Started Load/Save Random Seed.
         Starting udev Kernel Device Manager...
[[0;32m  OK  [0m] Reached target Local File Systems (Pre).
[[0;32m  OK  [0m] Reached target Local File Systems.
         Starting Set console font and keymap...
         Starting AppArmor initialization...
         Starting Tell Plymouth To Write Out Runtime Data...
         Starting ebtables ruleset management...
         Starting Clean up any mess left by 0dns-up...
[[0;32m  OK  [0m] Started udev Kernel Device Manager.
[[0;32m  OK  [0m] Started Set console font and keymap.
[[0;32m  OK  [0m] Started Tell Plymouth To Write Out Runtime Data.
[[0;32m  OK  [0m] Started Dispatch Password Requests to Console Directory Watch.
[[0;32m  OK  [0m] Reached target Local Encrypted Volumes.
[[0;32m  OK  [0m] Started ebtables ruleset management.
[[0;32m  OK  [0m] Started Flush Journal to Persistent Storage.
[[0;32m  OK  [0m] Started Clean up any mess left by 0dns-up.
[[0;32m  OK  [0m] Found device /dev/ttyS0.
         Starting Create Volatile Files and Directories...
[[0;32m  OK  [0m] Started Create Volatile Files and Directories.
         Starting Update UTMP about System Boot/Shutdown...
[[0;32m  OK  [0m] Started Update UTMP about System Boot/Shutdown.
[[0;32m  OK  [0m] Listening on Load/Save RF Kill Switch Status /dev/rfkill Watch.
[[0;32m  OK  [0m] Started AppArmor initialization.
[   16.643057] cloud-init[424]: Cloud-init v. 18.4-0ubuntu1~18.04.1 running 'init-local' at Thu, 29 Nov 2018 18:24:58 +0000. Up 16.04 seconds.
[[0;32m  OK  [0m] Started Initial cloud-init job (pre-networking).
[[0;32m  OK  [0m] Reached target Network (Pre).
         Starting Raise network interfaces...
         Starting Network Service...
[[0;32m  OK  [0m] Started Network Service.
         Starting Wait for Network to be Configured...
         Starting Network Name Resolution...
[[0;32m  OK  [0m] Started Raise network interfaces.
[[0;32m  OK  [0m] Started Network Name Resolution.
[[0;32m  OK  [0m] Reached target Host and Network Name Lookups.
[[0;32m  OK  [0m] Started Wait for Network to be Configured.
         Starting Initial cloud-init job (metadata service crawler)...
[   19.569851] cloud-init[781]: Cloud-init v. 18.4-0ubuntu1~18.04.1 running 'init' at Thu, 29 Nov 2018 18:25:01 +0000. Up 19.36 seconds.
[   19.623595] cloud-init[781]: ci-info: ++++++++++++++++++++++++++++++++++++++Net device info++++++++++++++++++++++++++++++++++++++
[   19.632024] cloud-init[781]: ci-info: +--------+------+----------------------------+---------------+--------+-------------------+
[   19.635693] cloud-init[781]: ci-info: | Device |  Up  |          Address           |      Mask     | Scope  |     Hw-Address    |
[   19.637871] cloud-init[781]: ci-info: +--------+------+----------------------------+---------------+--------+-------------------+
[   19.639984] cloud-init[781]: ci-info: | enp0s3 | True |         10.0.2.15          | 255.255.255.0 | global | 02:67:f0:a3:a8:75 |
[   19.642161] cloud-init[781]: ci-info: | enp0s3 | True | fe80::67:f0ff:fea3:a875/64 |       .       |  link  | 02:67:f0:a3:a8:75 |
[   19.650340] cloud-init[781]: ci-info: |   lo   | True |         127.0.0.1          |   255.0.0.0   |  host  |         .         |
[   19.680517] cloud-init[781]: ci-info: |   lo   | True |          ::1/128           |       .       |  host  |         .         |
[   19.682402] cloud-init[781]: ci-info: +--------+------+----------------------------+---------------+--------+-------------------+
[   19.716938] cloud-init[781]: ci-info: ++++++++++++++++++++++++++++Route IPv4 info+++++++++++++++++++++++++++++
[[0;32m  OK  [0m] Started Initial cloud-init job (metadata service crawler).
[   19.813646] [cloud-init[0;32m  OK  [0m[781]: ] ci-info: +-------+-------------+----------+-----------------+-----------+-------+Reached target System Initialization.

[[0;32m  OK  [0m] Started CUPS Scheduler.
[   19.893191] cloud-init[781]: ci-info: | Route | Destination | Gateway  |     Genmask     | Interface | Flags |
[[0;32m  OK  [0m] Started Trigger anacron every hour.
[   19.960497] cloud-init[781]: ci-info: +-------+-------------+----------+-----------------+-----------+-------+         Starting Socket activation for snappy daemon.
[[0;32m  OK  [0m] Listening on Open-iSCSI iscsid Socket.

[[0;32m  OK  [0m] Started Message of the Day.
[   19.979086] [[0;32m  OK  [0m] Listening on Avahi mDNS/DNS-SD Stack Activation Socket.
[[0;32m  OK  [0m] Listening on D-Bus System Message Bus Socket.
[[0;32m  OK  [0m] Listening on CUPS Scheduler.
[[0;32m  OK  [0m] Started Daily apt download activities.
[[0;32m  OK  [0m] Started Daily apt upgrade and clean activities.
[[0;32m  OK  [0m] Started Daily Cleanup of Temporary Directories.
cloud-init[781]: ci-info: |   0   |   0.0.0.0   | 10.0.2.2 |     0.0.0.0     |   enp0s3  |   UG  |
         Starting LXD - unix socket.
[   20.005890] [[0;32m  OK  [0m] Started Discard unused blocks once a week.
[[0;32m  OK  [0m] Reached target Timers.
cloud-init[781]: ci-info: |   1   |   10.0.2.0  | 0.0.0.0  |  255.255.255.0  |   enp0s3  |   U   |
[[0;32m  OK  [0m] Started ACPI Events Check.
[[0;32m  OK  [0m] Reached target Paths.
[[0;32m  OK  [0m] Listening on ACPID Listen Socket.
[   20.148695] cloud-init[781]: ci-info: |   2   |   10.0.2.2  | 0.0.0.0  | 255.255.255.255 |   enp0s3  |   UH  |
[[0;32m  OK  [0m] Listening on UUID daemon activation socket.
[   20.309267] [cloud-init[0;32m  OK  [0m[781]: ] ci-info: +-------+-------------+----------+-----------------+-----------+-------+Reached target Cloud-config availability.

[[0;32m  OK  [0m] Listening on Socket activation for snappy daemon.
[   20.448665] [[0;32m  OK  [0m] Listening on LXD - unix socket.
[[0;32m  OK  [0m] Reached target Sockets.
[[0;32m  OK  [0m] Reached target Basic System.
         Starting LSB: Record successful boot for GRUB...
         Starting LXD - container startup/shutdown...
         Starting Accounts Service...
cloud-init[781]: ci-info: +++++++++++++++++++Route IPv6 info+++++++++++++++++++
         Starting Login Service...
[   20.490195] cloud-init[781]: ci-info: +-------+-------------+---------+-----------+-------+
         Starting System Logging Service...
[   20.508995] cloud-init[781]: ci-info: | Route | Destination | Gateway | Interface | Flags |
         Starting Avahi mDNS/DNS-SD Stack...
[   20.538775] cloud-init[781]: ci-info: +-------+-------------+---------+-----------+-------+[[0;32m  OK  [0m] Started Run anacron jobs.
         Starting Disk Manager...

[   20.542335] cloud-init[781]: ci-info: |   1   |  fe80::/64  |    ::   |   enp0s3  |   U   |
[   20.601590] cloud-init[781]: ci-info: |   3   |    local    |    ::   |   enp0s3  |   U   |
[   20.606089] cloud-init[781]: ci-info: |   4   |   ff00::/8  |    ::   |   enp0s3  |   U   |
[   20.628850] cloud-init[781]: ci-info: +-------+-------------+---------+-----------+-------+
[[0;32m  OK  [0m] Started ACPI event daemon.
[[0;32m  OK  [0m] Started D-Bus System Message Bus.
[[0;32m  OK  [0m] Started Login Service.
         Starting WPA supplicant...
         Starting Dispatcher daemon for systemd-networkd...
         Starting Detect the available GPUs and deal with any system changes...
[[0;32m  OK  [0m] Started irqbalance daemon.
[[0;32m  OK  [0m] Started Regular background program processing daemon.
[[0;32m  OK  [0m] Started CUPS Scheduler.
[[0;32m  OK  [0m] Started Deferred execution scheduler.
         Starting Network Manager...
         Starting Restore /etc/resolv.conf i…fore the ppp link was shut down...
[[0;32m  OK  [0m] Started FUSE filesystem for LXC.
         Starting Virtualbox guest utils...
         Starting Modem Manager...
         Starting Snappy daemon...
[[0;32m  OK  [0m] Started System Logging Service.
[[0;32m  OK  [0m] Started Dispatcher daemon for systemd-networkd.
[[0;32m  OK  [0m] Started LXD - container startup/shutdown.
[[0;32m  OK  [0m] Started Detect the available GPUs and deal with any system changes.
[[0;32m  OK  [0m] Started Restore /etc/resolv.conf if…before the ppp link was shut down.
[[0;32m  OK  [0m] Started Avahi mDNS/DNS-SD Stack.
[[0;32m  OK  [0m] Started WPA supplicant.
         Starting Authorization Manager...
[[0;32m  OK  [0m] Started Make remote CUPS printers available locally.
[[0;32m  OK  [0m] Started Authorization Manager.
[[0;32m  OK  [0m] Started Accounts Service.
[[0;32m  OK  [0m] Started Virtualbox guest utils.
[[0;32m  OK  [0m] Started LSB: Record successful boot for GRUB.
[[0;32m  OK  [0m] Started Snappy daemon.
         Starting Wait until snapd is fully seeded...
[[0;32m  OK  [0m] Started Modem Manager.
[[0;32m  OK  [0m] Started Wait until snapd is fully seeded.
[[0;32m  OK  [0m] Started Disk Manager.
         Starting Hostname Service...
[[0;32m  OK  [0m] Started Hostname Service.
[[0;32m  OK  [0m] Started Network Manager.
         Starting Network Manager Script Dispatcher Service...
[[0;32m  OK  [0m] Reached target Network.
[[0;32m  OK  [0m] Started Unattended Upgrades Shutdown.
         Starting Network Manager Wait Online...
[[0;32m  OK  [0m] Started Network Manager Script Dispatcher Service.
[[0;32m  OK  [0m] Started Network Manager Wait Online.
[[0;32m  OK  [0m] Reached target Network is Online.
[[0;32m  OK  [0m] Started crash report submission daemon.
         Starting Availability of block devices...
[[0;32m  OK  [0m] Reached target Remote File Systems (Pre).
[[0;32m  OK  [0m] Reached target Remote File Systems.
         Starting LSB: automatic crash report generation...
         Starting Permit User Sessions...
         Starting Tool to automatically coll… submit kernel crash signatures...
         Starting LSB: Speech Dispatcher...
         Starting Apply the settings specified in cloud-config...
         Starting OpenBSD Secure Shell server...
[[0;32m  OK  [0m] Started Availability of block devices.
[[0;32m  OK  [0m] Started Permit User Sessions.
[[0;32m  OK  [0m] Started Tool to automatically colle…nd submit kernel crash signatures.
         Starting GNOME Display Manager...
         Starting Hold until boot process finishes up...
[[0;32m  OK  [0m] Started OpenBSD Secure Shell server.
[[0;32m  OK  [0m] Started LSB: automatic crash report generation.
[[0;32m  OK  [0m] Started Hold until boot process finishes up.
         Starting Set console scheme...
[[0;32m  OK  [0m] Started Serial Getty on ttyS0.
[[0;32m  OK  [0m] Reached target Login Prompts.
[[0;32m  OK  [0m] Started LSB: Speech Dispatcher.
[[0;32m  OK  [0m] Started Set console scheme.
[[0;32m  OK  [0m] Started GNOME Display Manager.
[[0;32m  OK  [0m] Created slice system-getty.slice.
[[0;32m  OK  [0m] Reached target Multi-User System.
[[0;32m  OK  [0m] Reached target Graphical Interface.
         Starting Update UTMP about System Runlevel Changes...
[[0;32m  OK  [0m] Started Update UTMP about System Runlevel Changes.
[[0;32m  OK  [0m] Created slice User Slice of gdm.
         Starting User Manager for UID 125...
[[0;32m  OK  [0m] Started Session c1 of user gdm.
[[0;32m  OK  [0m] Started User Manager for UID 125.
[   23.037857] cloud-init[1371]: Cloud-init v. 18.4-0ubuntu1~18.04.1 running 'modules:config' at Thu, 29 Nov 2018 18:25:04 +0000. Up 22.81 seconds.
         Starting Daemon for power management...
[[0;32m  OK  [0m] Started Apply the settings specified in cloud-config.
[[0;32m  OK  [0m] Started Daemon for power management.
         Starting Execute cloud user/final scripts...
         Stopping User Manager for UID 125...
[[0;32m  OK  [0m] Stopped User Manager for UID 125.
[[0;32m  OK  [0m] Removed slice User Slice of gdm.
[[0;32m  OK  [0m] Created slice User Slice of gdm.
         Starting User Manager for UID 125...
[[0;32m  OK  [0m] Started Session c2 of user gdm.
[[0;32m  OK  [0m] Started User Manager for UID 125.
[   24.025588] cloud-init[1549]: Cloud-init v. 18.4-0ubuntu1~18.04.1 running 'modules:final' at Thu, 29 Nov 2018 18:25:05 +0000. Up 23.81 seconds.
[   24.060350] cloud-init[1549]: Cloud-init v. 18.4-0ubuntu1~18.04.1 finished at Thu, 29 Nov 2018 18:25:05 +0000. Datasource DataSourceNoCloud [seed=/dev/sdb][dsmode=net].  Up 24.01 seconds
[[0;32m  OK  [0m] Started Execute cloud user/final scripts.
[[0;32m  OK  [0m] Reached target Cloud-init target.

Ubuntu 18.04.1 LTS ubuntu-bionic ttyS0

ubuntu-bionic login: [[0;32m  OK  [0m] Stopped target Cloud-init ta         Stopping Unattended Upgrades Shutdown...
[[0;32m  OK  [0m] Stopped Wait until snapd is fully seeded.
         Stopping Snappy daemon...
         Stopping LSB: automatic crash report generation...
         Stopping Tool to automatically coll… submit kernel crash signatures...
         Stopping irqbalance daemon...
         Stopping Accounts Service...
[[0;32m  OK  [0m] Stopped target Cloud-config availability.
         Stopping Run anacron jobs...
         Stopping Thunderbolt system service...
[[0;32m  OK  [0m] Removed slice system-getty.slice.
         Stopping Session 3 of user vagrant.
         Stopping OpenBSD Secure Shell server...
         Stopping Session c2 of user gdm.
         Stopping LSB: Record successful boot for GRUB...
         Stopping Availability of block devices...
         Stopping LSB: Speech Dispatcher...
         Stopping Manage, Install and Generate Color Profiles...
         Stopping User Manager for UID 1000...
         Stopping Modem Manager...
         Stopping Daemon for power management...
[[0;32m  OK  [0m] Unmounted /var/lib/lxcfs.
[[0;32m  OK  [0m] Unmounted /run/user/1000/gvfs.
[[0;32m  OK  [0m] Stopped Accounts Service.
[[0;32m  OK  [0m] Stopped System Logging Service.
[[0;32m  OK  [0m] Stopped Run anacron jobs.
[[0;32m  OK  [0m] Stopped Disk Manager.
[[0;32m  OK  [0m] Stopped ACPI event daemon.
[[0;32m  OK  [0m] Stopped Dispatcher daemon for systemd-networkd.
[[0;32m  OK  [0m] Stopped irqbalance daemon.
[[0;32m  OK  [0m] Stopped Regular background program processing daemon.
[[0;32m  OK  [0m] Stopped Deferred execution scheduler.
[[0;32m  OK  [0m] Stopped Modem Manager.
[[0;32m  OK  [0m] Stopped Snappy daemon.
[[0;32m  OK  [0m] Stopped Make remote CUPS printers available locally.
[[0;32m  OK  [0m] Stopped crash report submission daemon.
[[0;32m  OK  [0m] Stopped OpenBSD Secure Shell server.
[[0;32m  OK  [0m] Stopped Serial Getty on ttyS0.
[[0;32m  OK  [0m] Stopped Daemon for power management.
[[0;32m  OK  [0m] Stopped User Manager for UID 125.
[[0;32m  OK  [0m] Stopped RealtimeKit Scheduling Policy Service.
[[0;32m  OK  [0m] Stopped Thunderbolt system service.
[[0;32m  OK  [0m] Stopped PackageKit Daemon.
[[0;32m  OK  [0m] Stopped Manage, Install and Generate Color Profiles.
[[0;32m  OK  [0m] Stopped Unattended Upgrades Shutdown.
[[0;32m  OK  [0m] Stopped Availability of block devices.
[[0;32m  OK  [0m] Stopped FUSE filesystem for LXC.
[[0;32m  OK  [0m] Stopped Tool to automatically colle…nd submit kernel crash signatures.
[[0;32m  OK  [0m] Stopped LXD - container startup/shutdown.
[[0;32m  OK  [0m] Stopped Virtualbox guest utils.
[[0;32m  OK  [0m] Stopped LSB: automatic crash report generation.
[[0;32m  OK  [0m] Stopped target Host and Network Name Lookups.
         Stopping Authorization Manager...
[[0;32m  OK  [0m] Removed slice system-serial\x2dgetty.slice.
[[0;32m  OK  [0m] Stopped target Network is Online.
[[0;32m  OK  [0m] Stopped Network Manager Wait Online.
         Stopping Avahi mDNS/DNS-SD Stack...
         Stopping CUPS Scheduler...
[[0;32m  OK  [0m] Stopped Trigger anacron every hour.
[[0;32m  OK  [0m] Stopped target System Time Synchronized.
[[0;32m  OK  [0m] Stopped Authorization Manager.
[[0;32m  OK  [0m] Stopped Avahi mDNS/DNS-SD Stack.
[[0;32m  OK  [0m] Stopped CUPS Scheduler.
[[0;32m  OK  [0m] Stopped GNOME Display Manager.
[[0;32m  OK  [0m] Stopped LSB: Record successful boot for GRUB.
[[0;32m  OK  [0m] Stopped LSB: Speech Dispatcher.
         Stopping Firmware update daemon...
[[0;32m  OK  [0m] Stopped Firmware update daemon.
[[0;32m  OK  [0m] Stopped Session c2 of user gdm.
[[0;32m  OK  [0m] Removed slice User Slice of gdm.
[[0;32m  OK  [0m] Unmounted /run/user/125.
[[0;32m  OK  [0m] Stopped Session 3 of user vagrant.
[[0;32m  OK  [0m] Stopped User Manager for UID 1000.
[[0;32m  OK  [0m] Removed slice User Slice of vagrant.
         Stopping Login Service...
         Stopping Permit User Sessions...
[[0;32m  OK  [0m] Stopped Permit User Sessions.
[[0;32m  OK  [0m] Stopped target Remote File Systems.
[[0;32m  OK  [0m] Stopped target Remote File Systems (Pre).
[[0;32m  OK  [0m] Stopped target Network.
         Stopping WPA supplicant...
         Stopping Network Name Resolution...
         Stopping Network Manager...
[[0;32m  OK  [0m] Stopped Network Name Resolution.
[[0;32m  OK  [0m] Stopped Login Service.
[[0;32m  OK  [0m] Stopped WPA supplicant.
[[0;32m  OK  [0m] Stopped Network Manager.
         Stopping D-Bus System Message Bus...
[[0;32m  OK  [0m] Stopped target User and Group Name Lookups.
[[0;32m  OK  [0m] Stopped D-Bus System Message Bus.
[[0;32m  OK  [0m] Stopped target Basic System.
[[0;32m  OK  [0m] Stopped target Sockets.
[[0;32m  OK  [0m] Closed Syslog Socket.
[[0;32m  OK  [0m] Closed ACPID Listen Socket.
[[0;32m  OK  [0m] Closed CUPS Scheduler.
[[0;32m  OK  [0m] Closed Avahi mDNS/DNS-SD Stack Activation Socket.
[[0;32m  OK  [0m] Closed UUID daemon activation socket.
[[0;32m  OK  [0m] Closed Socket activation for snappy daemon.
[[0;32m  OK  [0m] Closed Open-iSCSI iscsid Socket.
[[0;32m  OK  [0m] Closed LXD - unix socket.
[[0;32m  OK  [0m] Stopped target Paths.
[[0;32m  OK  [0m] Stopped ACPI Events Check.
[[0;32m  OK  [0m] Stopped CUPS Scheduler.
[[0;32m  OK  [0m] Stopped target Slices.
[[0;32m  OK  [0m] Removed slice User and Session Slice.
[[0;32m  OK  [0m] Closed D-Bus System Message Bus Socket.
[[0;32m  OK  [0m] Stopped target System Initialization.
         Stopping Load/Save Random Seed...
         Stopping Update UTMP about System Boot/Shutdown...
[[0;32m  OK  [0m] Stopped Initial cloud-init job (metadata service crawler).
         Stopping Raise network interfaces...
[[0;32m  OK  [0m] Stopped Wait for Network to be Configured.
         Stopping Network Service...
[[0;32m  OK  [0m] Stopped target Local Encrypted Volumes.
[[0;32m  OK  [0m] Stopped Forward Password Requests to Wall Directory Watch.
[[0;32m  OK  [0m] Stopped Dispatch Password Requests to Console Directory Watch.
[[0;32m  OK  [0m] Stopped Network Service.
[[0;32m  OK  [0m] Stopped Load/Save Random Seed.
[[0;32m  OK  [0m] Stopped Raise network interfaces.
[[0;32m  OK  [0m] Stopped Apply Kernel Variables.
[[0;32m  OK  [0m] Stopped Load Kernel Modules.
[[0;32m  OK  [0m] Stopped target Network (Pre).
[[0;32m  OK  [0m] Stopped Initial cloud-init job (pre-networking).
[[0;32m  OK  [0m] Stopped Update UTMP about System Boot/Shutdown.
[[0;32m  OK  [0m] Stopped Create Volatile Files and Directories.
[[0;32m  OK  [0m] Stopped target Local File Systems.
         Unmounting /run/user/1000...
[[0;32m  OK  [0m] Unmounted /run/user/1000.
[[0;32m  OK  [0m] Reached target Unmount All Filesystems.
[[0;32m  OK  [0m] Stopped target Swap.
[[0;32m  OK  [0m] Stopped target Local File Systems (Pre).
[[0;32m  OK  [0m] Stopped Remount Root and Kernel File Systems.
[[0;32m  OK  [0m] Stopped Create Static Device Nodes in /dev.
[[0;32m  OK  [0m] Reached target Shutdown.
[[0;32m  OK  [0m] Reached target Final Step.
         Starting Reboot...
         Stopping Monitoring of LVM2 mirrors…ng dmeventd or progress polling...
[  392.141969] reboot: Restarting system
[    0.000000] Linux version 4.15.0-39-generic (buildd@lgw01-amd64-054) (gcc version 7.3.0 (Ubuntu 7.3.0-16ubuntu3)) #42-Ubuntu SMP Tue Oct 23 15:48:01 UTC 2018 (Ubuntu 4.15.0-39.42-generic 4.15.18)
[    0.000000] Command line: BOOT_IMAGE=/boot/vmlinuz-4.15.0-39-generic root=UUID=30919cd2-fab1-46ef-a9dc-1096a0c108c7 ro console=tty1 console=ttyS0
[    0.000000] KERNEL supported cpus:
[    0.000000]   Intel GenuineIntel
[    0.000000]   AMD AuthenticAMD
[    0.000000]   Centaur CentaurHauls
[    0.000000] x86/fpu: Supporting XSAVE feature 0x001: 'x87 floating point registers'
[    0.000000] x86/fpu: Supporting XSAVE feature 0x002: 'SSE registers'
[    0.000000] x86/fpu: Supporting XSAVE feature 0x004: 'AVX registers'
[    0.000000] x86/fpu: xstate_offset[2]:  576, xstate_sizes[2]:  256
[    0.000000] x86/fpu: Enabled xstate features 0x7, context size is 832 bytes, using 'standard' format.
[    0.000000] e820: BIOS-provided physical RAM map:
[    0.000000] BIOS-e820: [mem 0x0000000000000000-0x000000000009fbff] usable
[    0.000000] BIOS-e820: [mem 0x000000000009fc00-0x000000009fff] reserved
[   0.000000] BIOS-e820: [mem 0x00000000000f0000-0x00000000000fffff] reserved
[    0.000000] BIOS-e820: [mem 0x0000000000100000-0x000000007ffeffff] usable
[    0.000000] BIOS-e20: [mem 0x000000007fff0000-0x000000007fffffff] ACPI data
[    0.000000] BIOS-e820: [me 0x00000000fec00000-0x00000000fec00fff] reserved
[    0.000000] BIOS-e820: [mem 0x00000000fee00000-0x00000000fee00fff] reserved
[    0.000000] BIOS-e820: [mem 0x00000000fffc0000-0x00000000ffffffff] reserved
[    0.000000] NX (Execute Disable) protecion: active
[    0.000000] SMBIOS 2.5 present.
[    0.000000] DMI: innotek GmbH VirtualBox/VirtualBox, BIOS VirtualBox 12/01/2006
[    0.000000] Hypervisor detected: KVM
[    0.000000] e820: last_pfn = 0x7fff0 max_arch_pfn = 0x400000000
[    0.000000] MTRR:Disabled
[    0.000000] x86/PAT: MTRRs disabled, skipping PAT initialization too.
[    0.000000] CPU MTRRs all blank - virtualized system.
[    0.000000]x86/PA: Configuration [0-7]: WB  WT UC UC  W WT  UC-C  
[   0000000] found SMP MP-table at [mem 0x0009fff0-0x0009ffff] mapped at [        (ptrval)]
[    0.000000] Scanning 1 areas for low memory corruption
[    0.000000] RAMDISK: [mem 0x35231000-0x3690ffff]
[    0.000000] ACPI: Early table checksum verification disabled
[    0.000000] ACPI: RSDP 0x00000000000E0000 000024 (v02 VBOX  )
[    0.000000] ACPI: XSDT 0x000000007FFF000 00003C (v01 VBOX   VBOXXSDT 00000001 ASL  00000061)
[  0.0000 ACPI: FACP 0x000000007FFF00F0 0000F4 (v04 VX   VBOACP 00000001 ASL  00000061)
[   0.00000] CPI: DSDT 0x000000007FFF0470 0021FF (v02 VBOX   VBOXBIOS 00000002 INTL 20100528)
[   0.000000] ACPI: FACS 0x000000007FFF0200 000040
[  0.0000] ACPI: FACS 0x000000007FFF0200 000040
[   0.0000] ACPI: APIC 0x000000007FFF0240 00005C (v02 VBOX   VBOXAPIC 00000001 ASL  00000061)
[    0.000000] ACPI: SSDT 0x000000007FFF02A0 000CC (v VBO  VBOXCT 0000002 INTL 20100528)
[    0.000000] No NUMA configuration found
[   .00000 Fakng a nde a [mem0x0000000000000000-0x000000007fffff
[   0.0000]NODE_DTA(0allocated [em 0x7fc000-0x7ffeffff]
[   0.0000] kvm-clck: cpu 0, msr 0:7ff44001, primary cpu clock
[    0.000000] kvm-lock: Ung mss 4b4d01 and4b564d0
[    .00000] kvm-clock: using sched offset of 40431145570 cycles
[   0.000000] clocksource: kvm-clock: mask: 0xffffffffffffffff max_cycles: 0x1cd42e4dffb, max_idle_ns: 88190591483 ns
[    0.00000] Zone rnges:
[    0.000000]   DMA      [mem 0x0000000000001000-0x0000000000ffffff]
[    0.000000]   D32   [mem 0x0000000001000000-0x000000007ffefff]
[   0.00000]   Normal  empty
[    0.000000]   Device   empty
[    0.000000] Movable zone start for each node
[    0.000000] Early memory node ranges
[    0.000000]   node   0: [mem 0x0000000000001000-0x00000000009eff]
[  0.000000]   node   0: [mem 0x0000000000100000-0x000000007ffeffff]
[    0.000000] Initmem setup node 0 [mem 0x0000000000001000-0x000007ffeffff]
[  0.00000]Reserved t unvailbl: 9 pags
[   .000000] ACI: PM-Tme IO Port: 0x4008
[   0.000000] IOAPIC[0]: apic_id 2, version 32, address 0xfec00000, GSI 0-23
[    0.000000] ACPI: INT_SRC_OVR (bus 0 bus_irq 0 global_irq 2 dfl dfl)
[    0.000000] API: INT_SRC_OVR (bus 0 bus_irq 9 global_irq 9 low level)
[   0.000000] Using ACPI (MADT) for SMP configuration information
[   00000] smoot: Allowg 2 CPUs, hotplg CPUs
[    0.000000] PM: Registered nosave memory: [mem 0x00000000-0x00000fff]
[    0.000000] PM: Registered nosave memory: [mem 0x0009f000-0x0009ffff]
[    0.000000] PM: Registered nosave memory: [mem 0x000a0000-0x000effff]
[    0.000000] PM: Registered nosave memory: [mem 0x000f0000-0x000fffff]
[    0.000000] e820: [mem 0x80000000-0xfebfffff] available for PCI devices
[    0.000000] Bootg paavitualized kernel on KVM
[    000000] clocksource: refined-jiffies: mask: 0xffffffff max_yces: 0xffffffff, max_idle_ns: 7645519600211568 ns
[    0.000000] random: get_random_bytes called from start_kernel+0x99/0x4fd withcrng_nit=0
[    000000] seuppercpu: NR_CPUS:8192 nr_cpumask_bits:2 nr_cpu_ids:2 nr_node_ids:1
[    0.000000] percpu: Embedded 46 pages/cpu @        (ptrval) s151552 r8192 d28672 u1048576
[    0.000000] PV qspinlock hash table entries: 256 (order: 0, 4096 bytes)
[    0.000000] Built 1 zonelists, mobility grouping on.  Total pages: 515961
[    0.000000] Policy zone: DMA32
[    0.000000] Kernel command line: BOOT_IMAGE=/boot/vmlinuz-4.15.0-39-generic root=UUID=30919cd2-fab1-46ef-a9dc-1096a0c108c7 ro console=tty1 console=ttyS0
[    0.000000] Memory: 2011356K/2096696K available (230K krnecode2472rwdaa,4248rodaa,2408 init,2416K bss, 85340K reserved, 0K cma-reserved)
[    0.000000] SLUB: HWalign=64, Order=0-3, MinObjects=0, CPUs=2, Nodes=1
[    0.000000] Kernel/User page tables isolation: enabled
[    0.000000] ftrace: allocating 39178 entries in 154 pages
[    0.004000] Hierarchical RCU implementation.
[    0.004000] 	RCU restricting CPUs from NR_CPUS=8192 to nr_cpu_ids=2.
[    0.004000] 	Tasks RCU enabled.
[    0.004000] RCU: Adjusting geometry for rcu_fanout_leaf=16, nr_cpu_ids=2
[    0.004000] NR_IRQS: 524544, nr_irqs: 440, preallocated irqs: 16
[    0.004000] Console: colour VGA+ 80x25
[    0.004000] console [tty1] enabled
[    0.004000] console [ttyS0] enabled
[    0.004000] ACPI: Core revision 20170831
[    0.004000] ACPI: 2 ACPI AML tables successfully acquired and loaded
[    0.004000] APIC: Switch to symmetric I/O mode setup
[   0.004000] x2apic enabled
[    0.004006] Switched APIC routing to physical x2apic.
[    0.009461] ..TIMER: vector=0x30 apic1=0 pin1=2 apic2=-1 pin2=-1
[    0.012005] tsc: Detected 2904.002 MHz processor
[    0.016009] Calibrating delay loop (skipped) preset value.. 5808.00 BogoMIPS (lpj=11616008)
[    0.020006] pid_max: default: 32768 minimum: 301
[    0.024037] Security Framework initialized
[    0.028004] Yama: becoming mindful.
[    0.032042] AppArmor: AppArmor initialized
[    0.036234] Dentry cache hash table entries: 262144 (order: 9, 2097152 bytes)
[    0.040243] Inode-cache hash table entries: 131072 (order: 8, 1048576 bytes)
[    0.044022] Mount-cache hash table entries: 4096 (order: 3, 32768 bytes)
[    0.048012] Mountpoint-cache hash table entries: 4096 (order: 3, 32768 bytes)
[    0.052215] mce: CPU supports 0 MCE banks
[    0.056015] Last level iTLB entries: 4KB 64, 2MB 8, 4MB 8
[    0.060004] Last level dTLB entries: 4KB 64, 2MB 0, 4MB 0, 1GB 4
[    0.061258] Spectre V2 : Mitigation: Full generic retpoline
[    0.062245] Spectre V2 : Spectre v2 / SpectreRSB mitigation: Filling RSB on context switch
[    0.064031] Speculative Store Bypass: Vulnerable
[    0.068156] Freeing SMP alternatives memory: 36K
[    0.076000] smpboot: CPU0: Intel(R) Core(TM) i7-7820HQ CPU @ 2.90GHz (family: 0x6, model: 0x9e, stepping: 0x9)
[    0.076066] Performance Events: unsupported p6 CPU model 158 no PMU driver, software events only.
[    0.077700] Hierarchical SRCU implementation.
[    0.079041] NMI watchdog: Perf event create on CPU 0 failed with -2
[    0.080008] NMI watchdog: Perf NMI watchdog permanently disabled
[    0.084060] smp: Bringing up secondary CPUs ...
[    0.085028] x86: Booting SMP configuration:
[    0.085781] .... node  #0, CPUs:      #1
[    0.004000] kvm-clock: cpu 1, msr 0:7ff44041, secondary cpu clock
[    0.004000] mce: CPU supports 0 MCE banks
[    0.090688] smp: Brought up 1 node, 2 CPUs
[    0.092005] smpboot: Max logical packages: 1
[    0.092880] smpboot: Total of 2 processors activated (11616.00 BogoMIPS)
[    0.096117] devtmpfs: initialized
[    0.098161] x86/mm: Memory block size: 128MB
[    0.099206] evm: security.selinux
[    0.100002] evm: security.SMACK64
[    0.100799] evm: security.SMACK64EXEC
[    0.101570] evm: security.SMACK64TRANSMUTE
[    0.102365] evm: security.SMACK64MMAP
[    0.104002] evm: security.apparmor
[    0.104745] evm: security.ima
[    0.105419] evm: security.capability
[    0.106156] clocksource: jiffies: mask: 0xffffffff max_cycles: 0xffffffff, max_idle_ns: 7645041785100000 ns
[    0.108029] futex hash table entries: 512 (order: 3, 32768 bytes)
[    0.109309] pinctrl core: initialized pinctrl subsystem
[    0.110437] RTC time: 18:31:25, date: 11/29/18
[    0.112159] NET: Registered protocol family 16
[    0.113104] audit: initializing netlink subsys (disabled)
[    0.114263] audit: type=2000 audit(1543516684.411:1): state=initialized audit_enabled=0 res=1
[    0.136016] cpuidle: using governor ladder
[    0.140013] cpuidle: using governor menu
[    0.144049] ACPI: bus type PCI registered
[    0.148002] acpiphp: ACPI Hot Plug PCI Controller Driver version: 0.5
[    0.152148] PCI: Using configuration type 1 for base access
[    0.160459] HugeTLB registered 2.00 MiB page size, pre-allocated 0 pages
[    0.164120] ACPI: Added _OSI(Module Device)
[    0.168011] ACPI: Added _OSI(Processor Device)
[    0.172003] ACPI: Added _OSI(3.0 _SCP Extensions)
[    0.172893] ACPI: Added _OSI(Processor Aggregator Device)
[    0.174937] ACPI: Added _OSI(Linux-Dell-Video)
[    0.176007] ACPI: Added _OSI(Linux-Lenovo-NV-HDMI-Audio)
[    0.180283] ACPI: Executed 1 blocks of module-level executable AML code
[    0.192248] ACPI: Interpreter enabled
[    0.196019] ACPI: (supports S0 S5)
[    0.196929] ACPI: Using IOAPIC for interrupt routing
[    0.200287] PCI: Using host bridge windows from ACPI; if necessary, use "pci=nocrs" and report a bug
[    0.208181] ACPI: Enabled 2 GPEs in block 00 to 07
[    0.221289] ACPI: PCI Root Bridge [PCI0] (domain 0000 [bus 00-ff])
[    0.222397] acpi PNP0A03:00: _OSC: OS supports [ASPM ClockPM Segments MSI]
[    0.224024] acpi PNP0A03:00: _OSC: not requesting OS control; OS requires [ExtendedConfig ASPM ClockPM MSI]
[    0.225795] acpi PNP0A03:00: fail to add MMCONFIG information, can't access extended PCI configuration space under this bridge.
[    0.228354] PCI host bridge to bus 0000:00
[    0.232007] pci_bus 0000:00: root bus resource [io  0x0000-0x0cf7 window]
[    0.236006] pci_bus 0000:00: root bus resource [io  0x0d00-0xffff window]
[    0.240007] pci_bus 0000:00: root bus resource [mem 0x000a0000-0x000bffff window]
[    0.241362] pci_bus 0000:00: root bus resource [mem 0x80000000-0xfdffffff window]
[    0.244003] pci_bus 0000:00: root bus resource [bus 00-ff]
[    0.249872] pci 0000:00:01.1: legacy IDE quirk: reg 0x10: [io  0x01f0-0x01f7]
[    0.252004] pci 0000:00:01.1: legacy IDE quirk: reg 0x14: [io  0x03f6]
[    0.253249] pci 0000:00:01.1: legacy IDE quirk: reg 0x18: [io  0x0170-0x0177]
[    0.256002] pci 0000:00:01.1: legacy IDE quirk: reg 0x1c: [io  0x0376]
[    0.277475] pci 0000:00:07.0: quirk: [io  0x4000-0x403f] claimed by PIIX4 ACPI
[    0.280021] pci 0000:00:07.0: quirk: [io  0x4100-0x410f] claimed by PIIX4 SMB
[    0.291420] ACPI: PCI Interrupt Link [LNKA] (IRQs 5 9 10 *11)
[    0.292421] ACPI: PCI Interrupt Link [LNKB] (IRQs 5 9 *10 11)
[    0.296152] ACPI: PCI Interrupt Link [LNKC] (IRQs 5 *9 10 11)
[    0.300150] ACPI: PCI Interrupt Link [LNKD] (IRQs 5 9 10 *11)
[    0.304566] SCSI subsystem initialized
[    0.308034] pci 0000:00:02.0: vgaarb: setting as boot VGA device
[    0.312000] pci 0000:00:02.0: vgaarb: VGA device added: decodes=io+mem,owns=io+mem,locks=none
[    0.312006] pci 0000:00:02.0: vgaarb: bridge control possible
[    0.316004] vgaarb: loaded
[    0.320030] ACPI: bus type USB registered
[    0.324026] usbcore: registered new interface driver usbfs
[    0.328022] usbcore: registered new interface driver hub
[    0.332048] usbcore: registered new device driver usb
[    0.333114] EDAC MC: Ver: 3.0.0
[    0.333114] PCI: Using ACPI for IRQ routing
[    0.333114] NetLabel: Initializing
[    0.336002] NetLabel:  domain hash size = 128
[    0.336783] NetLabel:  protocols = UNLABELED CIPSOv4 CALIPSO
[    0.337831] NetLabel:  unlabeled traffic allowed by default
[    0.344067] clocksource: Switched to clocksource kvm-clock
[    0.360885] VFS: Disk quotas dquot_6.6.0
[  064853] VFS: Dquot-cache hash table entries: 512(ode0,096 bytes)
[  0501] AppArmor: AppArmor Filesystem Enabled
[  0189]np PnP ACPI init
[   0859pn P AI:foun3 vis
[    1.675175] clocksource: acpi_pm: mask: 0xffffff max_cycles: 0xffffff, max_idle_ns: 2085701024 ns
[    1.677067] NET: Registeredrotocol famil2
[    1.817617] TCP established hash table etrs:6384 (ode 5, 131072 bytes)

[    2.075 T bd shab etries: 16384 (order: 6, 262144 bytes)
[    2.485796] TCP: Hash tables configured (established 16384 bind 16384)
[    2.487062] UDP hash table entries: 1024 (order: 3, 32768 bytes)
[    2.488206] UDP-Lite hash table entries: 1024 (order: 3, 32768 bytes)
[    2.489411] NET: Registered protocol family 1
[    2.490282] pci 0000:00:00.0: Limitig re P/P transfers
[    2.738341] pci 0000:00:01.0: Activating ISA DMA hang workarounds
[    2.739440] pci 0000:00:02.0: Video device with shadowed ROM at [mem 0x000c0000-0x000dffff]
[    2.741104] Unpacking initramfs...

[    3.040116] Freeing initrd memory: 23420K
[    3.127354] platform rtc_cmos: registered platform RTC device (no PNP device found)
[    3.212283] Scanning for low memory corruption every 60 seconds
[    3.238460] Initialise system trusted keyrings
[    3.271348] Key type blacklist registered
[    3.284849] workingset: timestamp_bits=36 max_order=19 bucket_order=0
[    3.287188] zbud: loaded
[    3.288146] squashfs: version 4.0 (2009/01/31) Phillip Lougher
[    3.296672] fuse init (API version 7.26)
[    3.308043] Key type asymmetric registered
[    3.320922] Asymmetric key parser 'x509' registered
[    3.368678] Block layer SCSI generic (bsg) driver version 0.4 loaded (major 246)
[    3.370104] io scheduler noop registered
[    3.370873] io scheduler deadline registered
[    3.373690] io scheduler cfq registered (default)
[    3.374992] ACPI: AC Adapter [AC] (on-line)
[    3.376027] input: Power Button as /devices/LNXSYSTM:00/LNXPWRBN:00/input/input0
[    3.377856] ACPI: Power Button [PWRF]
[    3.378695] input: Sleep Button as /devices/LNXSYSTM:00/LNXSLPBN:00/input/input1
[    3.402958] ACPI: Sleep Button [SLPF]
[   .412993] PI: Batte St AT (tty est)
[    34116 vtipc00:003: vitio_pci: leaving for legacy driver

[    3.417345] Serial: 8250/16550 driver, 32 ports, IRQ sharing enabled
[    4.028380] 00:02: ttyS0 at I/O 0x3f8 (irq = 4, base_baud = 115200) is a 16550A
[    4.508951] Linux agpgart interface v0.103
[    4.586581] tsc: Refined TSC clocksource calibration: 2904.439 MHz
[    4.587455] loop: module loaded
[    4.588441] scsi host0: ata_piix
[    4.588492] scsi host1: ata_piix
[    4.588514] ata1: PATA max UDMA/33 cmd 0x1f0 ctl 0x3f6 bmdma 0xd000 irq 14
[    4.588515] ata2: PATA max UDMA/33 cmd 0x170 ctl 0x376 bmdma 0xd008 irq 15
[    4.588577] libphy: Fixed MDIO Bus: probed
[    4.588578] tun: Universal TUN/TAP device driver, 1.6
[    4.588899] PPP generic driver version 2.4.2
[    4.588931] ehci_hcd: USB 2.0 'Enhanced' Host Controller (EHCI) Driver
[    4.588946] ehci-pci: EHCI PCI platform driver
[    4.588955] ehci-platform: EHCI generic platform driver
[    4.588960] ohci_hcd: USB 1.1 'Open' Host Controller (OHCI) Driver
[    4.588961] ohci-pci: OHCI PCI platform driver
[    4.588966] ohci-platform: OHCI generic platform driver
[    4.588970] uhci_hcd: USB Universal Host Controller Interface driver
[    4.589008] i8042: PNP: PS/2 Controller [PNP0303:PS2K,PNP0f03:PS2M] at 0x60,0x64 irq 1,12
[    4.596512] serio: i8042 KBD port at 0x60,0x64 irq 1
[    4.596519] serio: i8042 AUX port at 0x60,0x64 irq 12
[    4.596651] mousedev: PS/2 mouse device common for all mice
[    4.596995] input: AT Translated Set 2 keyboard as /devices/platform/i8042/serio0/input/input2
[    4.597355] rtc_cmos rtc_cmos: rtc core: registered rtc_cmos as rtc0
[    4.597428] rtc_cmos rtc_cmos: alarms up to one day, 114 bytes nvram
[    4.597435] i2c /dev entries driver
[    4.597442] pcie_mp2_amd: AMD(R) PCI-E MP2 Communication Driver Version: 1.0
[    4.597510] device-mapper: uevent: version 1.0.3
[    4.597563] device-mapper: ioctl: 4.37.0-ioctl (2017-09-20) initialised: dm-devel@redhat.com
[    4.784294] ata1.00: ATAPI: VBOX CD-ROM, 1.0, max UDMA/133
[    4.784624] ata1.00: configured for UDMA/33
[    5.153667] clocksource: tsc: mask: 0xffffffffffffffff max_cycles: 0x29dda47bdbb, max_idle_ns: 440795287094 ns
[    5.198867] ledtrig-cpu: registered to indicate activity on CPUs
[    5.199984] scsi 0:0:0:0: CD-ROM            VBOX     CD-ROM           1.0  PQ: 0 ANSI: 5
[    5.201976] NET: Registered protocol family 10
[    5.203089] sr 0:0:0:0: [sr0] scsi3-mmc drive: 32x/32x xa/form2 tray
[    5.204166] cdrom: Uniform CD-ROM driver Revision: 3.20
[    5.219359] sr 0:0:0:0: Attached scsi generic sg0 type 5
[    5.253540] Segment Routing with IPv6
[    5.327602] NET: Registered protocol family 17
[    5.343546] Key type dns_resolver registered
[    5.344963] RAS: Correctable Errors collector initialized.
[    5.346481] sched_clock: Marking stable (5344885959, 0)->(13544547678, -8199661719)
[    5.348899] registered taskstats version 1
[    5.389164] Loading compiled-in X.509 certificates
[    5.399995] Loaded X.509 cert 'Build time autogenerated kernel key: 28c680bedc8638650c29d29ff1fd33ae66a2014d'
[    5.450320] zswap: loaded using pool lzo/zbud
[    5.474205] Key type big_key registered
[    5.544951] Key type trusted registered
[    5.547994] Key type encrypted registered
[    5.575048] AppArmor: AppArmor sha1 policy hashing enabled
[    5.618031] ima: No TPM chip found, activating TPM-bypass! (rc=-19)
[    5.619158] ima: Allocated hash algorithm: sha1
[    5.620529] evm: HMAC attrs: 0x1
[    5.621363]   Magic number: 10:598:545
[    5.622133] tty ttyS21: hash matches
[    5.622930] rtc_cmos rtc_cmos: setting system clock to 2018-11-29 18:31:32 UTC (1543516292)
[    5.624906] BIOS EDD facility v0.16 2004-Jun-25, 0 devices found
[    5.625957] EDD information not available.
[    5.632128] Freeing unused kernel memory: 2408K
[    5.672881] Write protecting the kernel read-only data: 20480k
[    5.681456] Freeing unused kernel memory: 2008K
[    5.695195] Freeing unused kernel memory: 1896K
[    5.727760] x86/mm: Checked W+X mappings: passed, no W+X pages found.
[    5.738045] x86/mm: Checking user space page tables
[    5.750781] x86/mm: Checked W+X mappings: passed, no W+X pages found.
Loading, please wait...
starting version 237
[    5.819781] Fusion MPT base driver 3.04.20
[    5.820655] Copyright (c) 1999-2008 LSI Corporation
[    5.853548] AVX2 version of gcm_enc/dec engaged.
[    5.855027] virtio_net virtio0 enp0s3: renamed from eth0
[    5.860053] AES CTR mode by8 optimization enabled
[    5.874192] Fusion MPT SPI Host driver 3.04.20
[    5.884082] mptbase: ioc0: Initiating bringup
[    5.980634] ioc0: LSI53C1030 A0: Capabilities={Initiator}
[    6.080634] input: ImExPS/2 Generic Explorer Mouse as /devices/platform/i8042/serio1/input/input4
[    6.318336] scsi host2: ioc0: LSI53C1030 A0, FwRev=00000000h, Ports=1, MaxQ=256, IRQ=20
[    6.528516] scsi 2:0:0:0: Direct-Access     VBOX     HARDDISK         1.0  PQ: 0 ANSI: 5
[    6.660833] scsi target2:0:0: Beginning Domain Validation
[    6.666708] scsi target2:0:0: Domain Validation skipping write tests
[    6.667795] scsi target2:0:0: Ending Domain Validation
[    6.668740] scsi target2:0:0: asynchronous
[    6.669604] random: fast init done
[    6.670409] scsi 2:0:1:0: Direct-Access     VBOX     HARDDISK         1.0  PQ: 0 ANSI: 5
[    6.700127] scsi target2:0:1: Beginning Domain Validation
[    6.743148] scsi target2:0:1: Domain Validation skipping write tests
[    6.744252] scsi target2:0:1: Ending Domain Validation
[    6.745193] scsi target2:0:1: asynchronous
[    6.749233] random: systemd-udevd: uninitialized urandom read (16 bytes read)
[    6.749471] sd 2:0:0:0: Attached scsi generic sg1 type 0
[    6.749514] sd 2:0:0:0: [sda] 20971520 512-byte logical blocks: (10.7 GB/10.0 GiB)
[    6.749600] sd 2:0:0:0: [sda] Write Protect is off
[    6.749770] sd 2:0:0:0: [sda] Incomplete mode parameter data
[    6.749771] sd 2:0:0:0: [sda] Assuming drive cache: write through
[    6.750315] sd 2:0:1:0: Attached scsi generic sg2 type 0
[    6.750805] sd 2:0:1:0: [sdb] 20480 512-byte logical blocks: (10.5 MB/10.0 MiB)
[    6.750849] sd 2:0:1:0: [sdb] Write Protect is off
[    6.750940] sd 2:0:1:0: [sdb] Incomplete mode parameter data
[    6.750941] sd 2:0:1:0: [sdb] Assuming drive cache: write through
[    6.753726]  sda: sda1
[    6.754169] sd 2:0:0:0: [sda] Attached SCSI disk
[    6.754896] sd 2:0:1:0: [sdb] Attached SCSI disk
[    6.771962] random: systemd-udevd: uninitialized urandom read (16 bytes read)
[    6.773272] random: systemd-udevd: uninitialized urandom read (16 bytes read)
Begin: Loading essential drivers ... [    8.356140] raid6: sse2x1   gen() 11067 MB/s
[    8.436040] raid6: sse2x1   xor()  7969 MB/s
[    8.484517] raid6: sse2x2   gen() 13979 MB/s
[    8.612108] raid6: sse2x2   xor()  9372 MB/s
[    8.692293] raid6: sse2x4   gen() 15348 MB/s
[    8.748038] raid6: sse2x4   xor()  7128 MB/s
[    8.804078] raid6: avx2x1   gen() 22065 MB/s
[    8.860183] raid6: avx2x1   xor() 15085 MB/s
[    8.940318] raid6: avx2x2   gen() 25764 MB/s
[    9.048454] raid6: avx2x2   xor() 17079 MB/s
[    9.104072] raid6: avx2x4   gen() 31098 MB/s
[    9.152186] raid6: avx2x4   xor() 19444 MB/s
[    9.196512] raid6: using algorithm avx2x4 gen() 31098 MB/s
[    9.212645] raid6: .... xor() 19444 MB/s, rmw enabled
[    9.254649] raid6: using avx2x2 recovery algorithm
[    9.291147] xor: automatically using best checksumming function   avx       
[    9.301480] async_tx: api initialized (async)
done.
Begin: Running /scripts/init-premount ... done.
Begin: Mounting root file system ... Begin: Running /scripts/local-top ... done.
Begin: Running /scripts/local-premount ... [    9.345657] Btrfs loaded, crc32c=crc32c-intel
Scanning for Btrfs filesystems
done.
Warning: fsck no[    9.410442] EXT4-fs (sda1): mounted filesystem with ordered data mode. Opts: (null)
t present, so skipping root file system
done.
Begin: Running /scripts/local-bottom ... done.
Begin: Running /scripts/init-bottom ... done.
[    9.626705] ip_tables: (C) 2000-2006 Netfilter Core Team
[    9.635034] systemd[1]: systemd 237 running in system mode. (+PAM +AUDIT +SELINUX +IMA +APPARMOR +SMACK +SYSVINIT +UTMP +LIBCRYPTSETUP +GCRYPT +GNUTLS +ACL +XZ +LZ4 +SECCOMP +BLKID +ELFUTILS +KMOD -IDN2 +IDN -PCRE2 default-hierarchy=hybrid)
[    9.638832] systemd[1]: Detected virtualization oracle.
[    9.640264] systemd[1]: Detected architecture x86-64.

Welcome to [1mUbuntu 18.04.1 LTS[0m!

[    9.684712] systemd[1]: Set hostname to <ubuntu-bionic>.
[   10.075878] systemd[1]: Set up automount Arbitrary Executable File Formats File System Automount Point.
[[0;32m  OK  [0m] Set up automount Arbitrary Executab…rmats File System Automount Point.
[   10.079005] systemd[1]: Reached target Swap.
[[0;32m  OK  [0m] Reached target Swap.
[   10.092436] systemd[1]: Reached target User and Group Name Lookups.
[[0;32m  OK  [0m] Reached target User and Group Name Lookups.
[   10.315773] systemd[1]: Reached target System Time Synchronized.
[[0;32m  OK  [0m] Reached target System Time Synchronized.
[   10.487854] systemd[1]: Started Forward Password Requests to Wall Directory Watch.
[[0;32m  OK  [0m] Started Forward Password Requests to Wall Directory Watch.
[   10.491900] systemd[1]: Created slice User and Session Slice.
[[0;32m  OK  [0m] Created slice User and Session Slice.
[[0;32m  OK  [0m] Created slice System Slice.
[[0;32m  OK  [0m] Listening on LVM2 poll daemon socket.
[[0;32m  OK  [0m] Reached target Slices.
[[0;32m  OK  [0m] Listening on Journal Audit Socket.
[[0;32m  OK  [0m] Listening on Device-mapper event daemon FIFOs.
[[0;32m  OK  [0m] Listening on /dev/initctl Compatibility Named Pipe.
[[0;32m  OK  [0m] Listening on Journal Socket (/dev/log).
[[0;32m  OK  [0m] Listening on Network Service Netlink Socket.
[[0;32m  OK  [0m] Created slice system-serial\x2dgetty.slice.
[[0;32m  OK  [0m] Listening on Syslog Socket.
[[0;32m  OK  [0m] Listening on LVM2 metadata daemon socket.
[[0;32m  OK  [0m] Listening on udev Kernel Socket.
[[0;32m  OK  [0m] Listening on udev Control Socket.
[[0;32m  OK  [0m] Listening on Journal Socket.
         Starting Monitoring of LVM2 mirrors…ng dmeventd or progress polling...
         Starting Uncomplicated firewall...
         Starting Create list of required st…ce nodes for the current kernel...
         Starting Load Kernel Modules...
         Mounting POSIX Message Queue File System...
         Mounting Kernel Debug File System...
[   11.386916] random: crng init done
[   11.392706] random: 7 urandom warning(s) missed due to ratelimiting
         Starting Remount Root and Kernel File Systems...
         Startin[   11.483640] lp: driver loaded but no devices found
g udev Coldplug all Devices...
[   11.605173] ppdev: user-space parallel port driver
         Starting Set the console keyboard layout...
         Mounting Huge Pages File System...
         Starting Journal Service...
[[0;32m  OK  [0m] Started Uncomplicated firewall.
[[0;32m  OK  [0m] Started Create list of required sta…vice nodes for the current kernel.
         Starting Create [   11.661582] Loading iSCSI transport class v2.0-870.
Static Device Nodes in /dev...
[[0;32m  OK  [0m] Started Journal Service.
[[0;32m  OK  [0m] Started udev Coldplug all Devices.
[   11.733941] iscsi: registered transport (tcp)
[[0;32m  OK  [0m] Started Create Static Device Nodes in /dev.
[   11.834290] iscsi: registered transport (iser)
[[0;32m  OK  [0m] Started Load [   11.891117] EXT4-fs (sda1): re-mounted. Opts: (null)
Kernel Modules.
[[0;32m  OK  [0m] Mounted POSIX Message Queue File System.
[[0;32m  OK  [0m] Mounted Kernel Debug File System.
[[0;32m  OK  [0m] Started Remount Root and Kernel File Systems.
[[0;32m  OK  [0m] Started Set the console keyboard layout.
[[0;32m  OK  [0m] Mounted Huge Pages File System.
[[0;32m  OK  [0m] Started LVM2 metadata daemon.
         Starting Load/Save Random Seed...
         Starting Initial cloud-init job (pre-networking)...
         Starting udev Kernel Device Manager...
         Starting Flush Journal to Persistent Storage...
         Mounting FUSE Control File System...
         Mounting Kernel Configuration File System...
         Starting Apply Kernel Variables...
[[0;32m  OK  [0m] Started Monitoring of LVM2 mirrors,…sing dmeventd or progress polling.
[[0;32m  OK  [0m] Started Load/Save Random Seed.
[[0;32m  OK  [0m] Mounted FUSE Control File System.
[[0;32m  OK  [0m] Mounted Kernel Configuration File System.
[[0;32m  OK  [0m] Reached target Local File Systems (Pre).
[[0;32m  OK  [0m] Reached target Local File Systems.
         Starting Set console font and keymap...
         Starting ebtables ruleset management...
         Starting Clean up any mess left by 0dns-up...
         Starting AppArmor initialization...
         Starting Tell Plymouth To Write Out Runtime Data...
[[0;32m  OK  [0m] Started Apply Kernel Variables.
[[0;32m  OK  [0m] Started Set console font and keymap.
[[0;32m  OK  [0m] Started Tell Plymouth To Write Out Runtime Data.
[[0;32m  OK  [0m] Started udev Kernel Device Manager.
[[0;32m  OK  [0m] Started Dispatch Password Requests to Console Directory Watch.
[[0;32m  OK  [0m] Reached target Local Encrypted Volumes.
[[0;32m  OK  [0m] Started Clean up any mess left by 0dns-up.
[[0;32m  OK  [0m] Started Flush Journal to Persistent Storage.
         Starting Create Volatile Files and Directories...
[[0;32m  OK  [0m] Started ebtables ruleset management.
[[0;32m  OK  [0m] Started Create Volatile Files and Directories.
         Starting Update UTMP about System Boot/Shutdown...
[[0;32m  OK  [0m] Started Update UTMP about System Boot/Shutdown.
[[0;32m  OK  [0m] Found device /dev/ttyS0.
[[0;32m  OK  [0m] Listening on Load/Save RF Kill Switch Status /dev/rfkill Watch.
[[0;32m  OK  [0m] Started AppArmor initialization.
[   15.392357] cloud-init[420]: Cloud-init v. 18.4-0ubuntu1~18.04.1 running 'init-local' at Thu, 29 Nov 2018 18:31:41 +0000. Up 15.11 seconds.
[[0;32m  OK  [0m] Started Initial cloud-init job (pre-networking).
[[0;32m  OK  [0m] Reached target Network (Pre).
         Starting Network Service...
         Starting Raise network interfaces...
[[0;32m  OK  [0m] Started Network Service.
         Starting Network Name Resolution...
         Starting Wait for Network to be Configured...
[[0;32m  OK  [0m] Started Raise network interfaces.
[[0;32m  OK  [0m] Started Network Name Resolution.
[[0;32m  OK  [0m] Reached target Host and Network Name Lookups.
[[0;32m  OK  [0m] Started Wait for Network to be Configured.
         Starting Initial cloud-init job (metadata service crawler)...
[   17.687473] cloud-init[785]: Cloud-init v. 18.4-0ubuntu1~18.04.1 running 'init' at Thu, 29 Nov 2018 18:31:44 +0000. Up 17.48 seconds.
[   17.745136] cloud-init[785]: ci-info: ++++++++++++++++++++++++++++++++++++++Net device info++++++++++++++++++++++++++++++++++++++
[   17.754289] cloud-init[785]: ci-info: +--------+------+----------------------------+---------------+--------+-------------------+
[   17.756369] cloud-init[785]: ci-info: | Device |  Up  |          Address           |      Mask     | Scope  |     Hw-Address    |
[   17.758365] cloud-init[785]: ci-info: +--------+------+----------------------------+---------------+--------+-------------------+
[   17.761176] cloud-init[785]: ci-info: | enp0s3 | True |         10.0.2.15          | 255.255.255.0 | global | 02:67:f0:a3:a8:75 |
[   17.763452] cloud-init[785]: ci-info: | enp0s3 | True | fe80::67:f0ff:fea3:a875/64 |       .       |  link  | 02:67:f0:a3:a8:75 |
[   17.765561] cloud-init[785]: ci-info: |   lo   | True |         127.0.0.1          |   255.0.0.0   |  host  |         .         |
[   17.767900] cloud-init[785]: ci-info: |   lo   | True |          ::1/128           |       .       |  host  |         .         |
[   17.770088] cloud-init[785]: ci-info: +--------+------+----------------------------+---------------+--------+-------------------+
[   17.772144] cloud-init[785]: ci-info: ++++++++++++++++++++++++++++Route IPv4 info+++++++++++++++++++++++++++++
[   17.774316] cloud-init[785]: ci-info: +-------+-------------+----------+-----------------+-----------+-------+
[   17.792162] cloud-init[785]: ci-info: | Route | Destination | Gateway  |     Genmask     | Interface | Flags |
[   17.804540] cloud-init[785]: ci-info: +-------+-------------+----------+-----------------+-----------+-------+
[   17.809262] cloud-init[785]: ci-info: |   0   |   0.0.0.0   | 10.0.2.2 |     0.0.0.0     |   enp0s3  |   UG  |
[   17.815375] cloud-init[785]: ci-info: |   1   |   10.0.2.0  | 0.0.0.0  |  255.255.255.0  |   enp0s3  |   U   |
[   17.818466] cloud-init[785]: ci-info: |   2   |   10.0.2.2  | 0.0.0.0  | 255.255.255.255 |   enp0s3  |   UH  |
[   17.820490] cloud-init[785]: ci-info: +-------+-------------+----------+-----------------+-----------+-------+
[   17.822364] cloud-init[785]: ci-info: +++++++++++++++++++Route IPv6 info+++++++++++++++++++
[   17.823959] cloud-init[785]: ci-info: +-------+-------------+---------+-----------+-------+
[   17.825556] cloud-init[785]: ci-info: | Route | Destination | Gateway | Interface | Flags |
[   17.836603] cloud-init[785]: ci-info: +-------+-------------+---------+-----------+-------+
[   17.847403] cloud-init[785]: ci-info: |   1   |  fe80::/64  |    ::   |   enp0s3  |   U   |
[   17.850657] cloud-init[785]: ci-info: |   3   |    local    |    ::   |   enp0s3  |   U   |
[   17.853886] cloud-init[785]: ci-info: |   4   |   ff00::/8  |    ::   |   enp0s3  |   U   |
[   17.855592] cloud-init[785]: ci-info: +-------+-------------+---------+-----------+-------+
[[0;32m  OK  [0m] Started Initial cloud-init job (metadata service crawler).
[[0;32m  OK  [0m] Reached target Cloud-config availability.
[[0;32m  OK  [0m] Reached target System Initialization.
[[0;32m  OK  [0m] Started Trigger anacron every hour.
         Starting LXD - unix socket.
         Starting Socket activation for snappy daemon.
[[0;32m  OK  [0m] Started Daily apt download activities.
[[0;32m  OK  [0m] Started Message of the Day.
[[0;32m  OK  [0m] Listening on UUID daemon activation socket.
[[0;32m  OK  [0m] Listening on ACPID Listen Socket.
[[0;32m  OK  [0m] Started Discard unused blocks once a week.
[[0;32m  OK  [0m] Started Daily apt upgrade and clean activities.
[[0;32m  OK  [0m] Listening on CUPS Scheduler.
[[0;32m  OK  [0m] Started ACPI Events Check.
[[0;32m  OK  [0m] Listening on Open-iSCSI iscsid Socket.
[[0;32m  OK  [0m] Listening on Avahi mDNS/DNS-SD Stack Activation Socket.
[[0;32m  OK  [0m] Listening on D-Bus System Message Bus Socket.
[[0;32m  OK  [0m] Started Daily Cleanup of Temporary Directories.
[[0;32m  OK  [0m] Reached target Timers.
[[0;32m  OK  [0m] Started CUPS Scheduler.
[[0;32m  OK  [0m] Reached target Paths.
[[0;32m  OK  [0m] Listening on LXD - unix socket.
[[0;32m  OK  [0m] Listening on Socket activation for snappy daemon.
[[0;32m  OK  [0m] Reached target Sockets.
[[0;32m  OK  [0m] Reached target Basic System.
         Starting Dispatcher daemon for systemd-networkd...
[[0;32m  OK  [0m] Started Run anacron jobs.
         Starting Restore /etc/resolv.conf i…fore the ppp link was shut down...
[[0;32m  OK  [0m] Started ACPI event daemon.
[[0;32m  OK  [0m] Started Regular background program processing daemon.
         Starting Avahi mDNS/DNS-SD Stack...
         Starting System Logging Service...
         Starting Virtualbox guest utils...
[[0;32m  OK  [0m] Started irqbalance daemon.
         Starting Modem Manager...
         Starting Accounts Service...
         Starting Disk Manager...
[[0;32m  OK  [0m] Started CUPS Scheduler.
         Starting Snappy daemon...
         Starting LSB: Record successful boot for GRUB...
         Starting Login Service...
[[0;32m  OK  [0m] Started FUSE filesystem for LXC.
         Starting Detect the available GPUs and deal with any system changes...
[[0;32m  OK  [0m] Started Deferred execution scheduler.
[[0;32m  OK  [0m] Started D-Bus System Message Bus.
[[0;32m  OK  [0m] Started Login Service.
         Starting WPA supplicant...
         Starting Network Manager...
         Starting LXD - container startup/shutdown...
[[0;32m  OK  [0m] Started System Logging Service.
[[0;32m  OK  [0m] Started Dispatcher daemon for systemd-networkd.
[[0;32m  OK  [0m] Started Restore /etc/resolv.conf if…before the ppp link was shut down.
[[0;32m  OK  [0m] Started Snappy daemon.
[[0;32m  OK  [0m] Started Detect the available GPUs and deal with any system changes.
[[0;32m  OK  [0m] Started Avahi mDNS/DNS-SD Stack.
[[0;32m  OK  [0m] Started WPA supplicant.
         Starting Authorization Manager...
[[0;32m  OK  [0m] Started Make remote CUPS printers available locally.
         Starting Wait until snapd is fully seeded...
[[0;32m  OK  [0m] Started LSB: Record successful boot for GRUB.
[[0;32m  OK  [0m] Started Wait until snapd is fully seeded.
[[0;32m  OK  [0m] Started LXD - container startup/shutdown.
[[0;32m  OK  [0m] Started Authorization Manager.
[[0;32m  OK  [0m] Started Accounts Service.
         Starting Hostname Service...
[[0;32m  OK  [0m] Started Virtualbox guest utils.
[[0;32m  OK  [0m] Started Modem Manager.
[[0;32m  OK  [0m] Started Disk Manager.
[[0;32m  OK  [0m] Started Hostname Service.
[[0;32m  OK  [0m] Started Network Manager.
         Starting Network Manager Script Dispatcher Service...
         Starting Network Manager Wait Online...
[[0;32m  OK  [0m] Reached target Network.
[[0;32m  OK  [0m] Started Unattended Upgrades Shutdown.
[[0;32m  OK  [0m] Started Network Manager Wait Online.
[[0;32m  OK  [0m] Started Network Manager Script Dispatcher Service.
[[0;32m  OK  [0m] Reached target Network is Online.
         Starting Apply the settings specified in cloud-config...
[[0;32m  OK  [0m] Started crash report submission daemon.
         Starting Availability of block devices...
[[0;32m  OK  [0m] Reached target Remote File Systems (Pre).
[[0;32m  OK  [0m] Reached target Remote File Systems.
         Starting Permit User Sessions...
         Starting LSB: Speech Dispatcher...
         Starting LSB: automatic crash report generation...
         Starting OpenBSD Secure Shell server...
         Starting Tool to automatically coll… submit kernel crash signatures...
[[0;32m  OK  [0m] Started Availability of block devices.
[[0;32m  OK  [0m] Started Permit User Sessions.
         Starting Hold until boot process finishes up...
         Starting GNOME Display Manager...
[[0;32m  OK  [0m] Started Hold until boot process finishes up.
         Starting Set console scheme...
[[0;32m  OK  [0m] Started Serial Getty on ttyS0.
[[0;32m  OK  [0m] Reached target Login Prompts.
[[0;32m  OK  [0m] Started Tool to automatically colle…nd submit kernel crash signatures.
[[0;32m  OK  [0m] Started LSB: Speech Dispatcher.
[[0;32m  OK  [0m] Started OpenBSD Secure Shell server.
[[0;32m  OK  [0m] Started Set console scheme.
[[0;32m  OK  [0m] Created slice system-getty.slice.
[[0;32m  OK  [0m] Started LSB: automatic crash report generation.
[[0;32m  OK  [0m] Reached target Multi-User System.
[[0;32m  OK  [0m] Started GNOME Display Manager.
[[0;32m  OK  [0m] Reached target Graphical Interface.
         Starting Update UTMP about System Runlevel Changes...
[[0;32m  OK  [0m] Started Update UTMP about System Runlevel Changes.
[[0;32m  OK  [0m] Created slice User Slice of gdm.
         Starting User Manager for UID 125...
[[0;32m  OK  [0m] Started Session c1 of user gdm.
[[0;32m  OK  [0m] Started User Manager for UID 125.
[   20.513872] cloud-init[1414]: Cloud-init v. 18.4-0ubuntu1~18.04.1 running 'modules:config' at Thu, 29 Nov 2018 18:31:47 +0000. Up 20.31 seconds.
[[0;32m  OK  [0m] Started Apply the settings specified in cloud-config.
         Starting Execute cloud user/final scripts...
         Starting Daemon for power management...
[[0;32m  OK  [0m] Started Daemon for power management.
[   21.336762] cloud-init[1542]: Cloud-init v. 18.4-0ubuntu1~18.04.1 running 'modules:final' at Thu, 29 Nov 2018 18:31:48 +0000. Up 21.17 seconds.
         Starting RealtimeKit Scheduling Policy Service...
[   21.380145] [cloud-init[0;32m  OK  [0m[1542]: ] Cloud-init v. 18.4-0ubuntu1~18.04.1 finished at Thu, 29 Nov 2018 18:31:48 +0000. Datasource DataSourceNoCloud [seed=/dev/sdb][dsmode=net].  Up 21.32 secondsStarted RealtimeKit Scheduling Policy Service.

[[0;32m  OK  [0m] Started Execute cloud user/final scripts.
[[0;32m  OK  [0m] Reached target Cloud-init target.

Ubuntu 18.04.1 LTS ubuntu-bionic ttyS0

ubuntu-bionic login:          Stopping User Manager for UID 1000...
         Stopping User Manager for UID 125...
[[0;32m  OK  [0m] Stopped target Cloud-initr         Stopping LSB: Speech Dispatcher...
[[0;32m  OK  [0m] Stopped Dispatcher daemon for systemd-networkd.
[[0;32m  OK  [0m] Stopped ACPI event daemon.
[[0;32m  OK  [0m] Unmounted /var/lib/lxcfs.
[[0;32m  OK  [0m] Stopped Regular background program processing daemon.
[[0;32m  OK  [0m] Stopped irqbalance daemon.
[[0;32m  OK  [0m] Stopped Accounts Service.
[[0;32m  OK  [0m] Stopped Modem Manager.
[[0;32m  OK  [0m] Stopped Snappy daemon.
[[0;32m  OK  [0m] Stopped Disk Manager.
[[0;32m  OK  [0m] Stopped System Logging Service.
[[0;32m  OK  [0m] Stopped Deferred execution scheduler.
[[0;32m  OK  [0m] Stopped Make remote CUPS printers available locally.
[[0;32m  OK  [0m] Stopped crash report submission daemon.
[[0;32m  OK  [0m] Stopped Serial Getty on ttyS0.
[[0;32m  OK  [0m] Unmounted /run/user/1000/gvfs.
[[0;32m  OK  [0m] Stopped OpenBSD Secure Shell server.
[[0;32m  OK  [0m] Stopped Daemon for power management.
[[0;32m  OK  [0m] Stopped RealtimeKit Scheduling Policy Service.
[[0;32m  OK  [0m] Stopped User Manager for UID 125.
[[0;32m  OK  [0m] Stopped Thunderbolt system service.
[[0;32m  OK  [0m] Stopped PackageKit Daemon.
[[0;32m  OK  [0m] Stopped Manage, Install and Generate Color Profiles.
[[0;32m  OK  [0m] Stopped User Manager for UID 1000.
[[0;32m  OK  [0m] Stopped Availability of block devices.
[[0;32m  OK  [0m] Stopped Unattended Upgrades Shutdown.
[[0;32m  OK  [0m] Stopped FUSE filesystem for LXC.
[[0;32m  OK  [0m] Stopped Session c1 of user gdm.
[[0;32m  OK  [0m] Stopped Session 2 of user vagrant.
[[0;32m  OK  [0m] Stopped Tool to automatically colle…nd submit kernel crash signatures.
[[0;32m  OK  [0m] Stopped LXD - container startup/shutdown.
[[0;32m  OK  [0m] Stopped target Host and Network Name Lookups.
[[0;32m  OK  [0m] Stopped target System Time Synchronized.
         Stopping Authorization Manager...
[[0;32m  OK  [0m] Removed slice User Slice of gdm.
[[0;32m  OK  [0m] Removed slice system-serial\x2dgetty.slice.
[[0;32m  OK  [0m] Stopped target Network is Online.
[[0;32m  OK  [0m] Stopped Network Manager Wait Online.
         Stopping CUPS Scheduler...
         Stopping Avahi mDNS/DNS-SD Stack...
[[0;32m  OK  [0m] Stopped CUPS Scheduler.
[[0;32m  OK  [0m] Stopped Avahi mDNS/DNS-SD Stack.
[[0;32m  OK  [0m] Stopped Authorization Manager.
[[0;32m  OK  [0m] Stopped Virtualbox guest utils.
[[0;32m  OK  [0m] Stopped LSB: Speech Dispatcher.
[[0;32m  OK  [0m] Stopped LSB: automatic crash report generation.
[[0;32m  OK  [0m] Stopped LSB: Record successful boot for GRUB.
[[0;32m  OK  [0m] Unmounted /run/user/125.
[[0;32m  OK  [0m] Stopped GNOME Display Manager.
[[0;32m  OK  [0m] Stopped Session 4 of user vagrant.
[[0;32m  OK  [0m] Removed slice User Slice of vagrant.
         Stopping Login Service...
         Stopping Firmware update daemon...
         Stopping Permit User Sessions...
[[0;32m  OK  [0m] Stopped Permit User Sessions.
[[0;32m  OK  [0m] Stopped Firmware update daemon.
[[0;32m  OK  [0m] Stopped target Remote File Systems.
[[0;32m  OK  [0m] Stopped target Remote File Systems (Pre).
[[0;32m  OK  [0m] Stopped target Network.
         Stopping WPA supplicant...
         Stopping Network Manager...
         Stopping Network Name Resolution...
[[0;32m  OK  [0m] Stopped Login Service.
[[0;32m  OK  [0m] Stopped WPA supplicant.
[[0;32m  OK  [0m] Stopped target User and Group Name Lookups.
[[0;32m  OK  [0m] Stopped Network Name Resolution.
[[0;32m  OK  [0m] Stopped Network Manager.
         Stopping D-Bus System Message Bus...
[[0;32m  OK  [0m] Stopped D-Bus System Message Bus.
[[0;32m  OK  [0m] Stopped target Basic System.
[[0;32m  OK  [0m] Stopped target Paths.
[[0;32m  OK  [0m] Stopped CUPS Scheduler.
[[0;32m  OK  [0m] Stopped ACPI Events Check.
[[0;32m  OK  [0m] Stopped target Sockets.
[[0;32m  OK  [0m] Closed Open-iSCSI iscsid Socket.
[[0;32m  OK  [0m] Closed CUPS Scheduler.
[[0;32m  OK  [0m] Closed UUID daemon activation socket.
[[0;32m  OK  [0m] Closed Avahi mDNS/DNS-SD Stack Activation Socket.
[[0;32m  OK  [0m] Closed Syslog Socket.
[[0;32m  OK  [0m] Closed Socket activation for snappy daemon.
[[0;32m  OK  [0m] Closed ACPID Listen Socket.
[[0;32m  OK  [0m] Closed LXD - unix socket.
[[0;32m  OK  [0m] Stopped target Slices.
[[0;32m  OK  [0m] Removed slice User and Session Slice.
[[0;32m  OK  [0m] Closed D-Bus System Message Bus Socket.
[[0;32m  OK  [0m] Stopped target System Initialization.
[[0;32m  OK  [0m] Stopped Initial cloud-init job (metadata service crawler).
         Stopping Raise network interfaces...
[[0;32m  OK  [0m] Stopped Wait for Network to be Configured.
         Stopping Network Service...
[[0;32m  OK  [0m] Stopped target Local Encrypted Volumes.
[[0;32m  OK  [0m] Stopped Dispatch Password Requests to Console Directory Watch.
[[0;32m  OK  [0m] Stopped Forward Password Requests to Wall Directory Watch.
         Stopping Load/Save Random Seed...
         Stopping Update UTMP about System Boot/Shutdown...
[[0;32m  OK  [0m] Stopped Network Service.
[[0;32m  OK  [0m] Stopped Raise network interfaces.
[[0;32m  OK  [0m] Stopped Load/Save Random Seed.
[[0;32m  OK  [0m] Stopped target Network (Pre).
[[0;32m  OK  [0m] Stopped Initial cloud-init job (pre-networking).
[[0;32m  OK  [0m] Stopped Apply Kernel Variables.
[[0;32m  OK  [0m] Stopped Load Kernel Modules.
[[0;32m  OK  [0m] Stopped Update UTMP about System Boot/Shutdown.
[[0;32m  OK  [0m] Stopped Create Volatile Files and Directories.
[[0;32m  OK  [0m] Stopped target Local File Systems.
         Unmounting /run/user/1000...
[[0;32m  OK  [0m] Unmounted /run/user/1000.
[[0;32m  OK  [0m] Reached target Unmount All Filesystems.
[[0;32m  OK  [0m] Stopped target Swap.
[[0;32m  OK  [0m] Stopped target Local File Systems (Pre).
[[0;32m  OK  [0m] Stopped Create Static Device Nodes in /dev.
[[0;32m  OK  [0m] Stopped Remount Root and Kernel File Systems.
[[0;32m  OK  [0m] Reached target Shutdown.
[[0;32m  OK  [0m] Reached target Final Step.
         Starting Power-Off...
         Stopping Monitoring of LVM2 mirrors…ng dmeventd or progress polling...
[15478.036243] reboot: Power down
